-------------------------------------------------------------------------------
Test set: Chess.ChessTest
-------------------------------------------------------------------------------
Tests run: 2, Failures: 0, Errors: 2, Skipped: 0, Time elapsed: 0.130 s <<< FAILURE! -- in Chess.ChessTest
Chess.ChessTest.testRightSetup -- Time elapsed: 0.083 s <<< ERROR!
java.lang.StackOverflowError
	at java.base/java.util.Formatter.parse(Formatter.java:2839)
	at java.base/java.util.Formatter.format(Formatter.java:2774)
	at java.base/java.util.Formatter.format(Formatter.java:2728)
	at java.base/java.lang.String.format(String.java:4386)
	at Chess.Player.setupPieces(Player.java:53)
	at Chess.Player.<init>(Player.java:18)
	at Chess.Player.<init>(Player.java:20)
	at Chess.Player.<init>(Player.java:20)
	at Chess.Player.<init>(Player.java:20)
	at Chess.Player.<init>(Player.java:20)
	at Chess.Player.<init>(Player.java:20)
	at Chess.Player.<init>(Player.java:20)
	at Chess.Player.<init>(Player.java:20)
	at Chess.Player.<init>(Player.java:20)
	at Chess.Player.<init>(Player.java:20)
	at Chess.Player.<init>(Player.java:20)
	at Chess.Player.<init>(Player.java:20)
	at Chess.Player.<init>(Player.java:20)
	at Chess.Player.<init>(Player.java:20)
	at Chess.Player.<init>(Player.java:20)
	at Chess.Player.<init>(Player.java:20)
	at Chess.Player.<init>(Player.java:20)
	at Chess.Player.<init>(Player.java:20)
	at Chess.Player.<init>(Player.java:20)
	at Chess.Player.<init>(Player.java:20)
	at Chess.Player.<init>(Player.java:20)
	at Chess.Player.<init>(Player.java:20)
	at Chess.Player.<init>(Player.java:20)
	at Chess.Player.<init>(Player.java:20)
	at Chess.Player.<init>(Player.java:20)
	at Chess.Player.<init>(Player.java:20)
	at Chess.Player.<init>(Player.java:20)
	at Chess.Player.<init>(Player.java:20)
	at Chess.Player.<init>(Player.java:20)
	at Chess.Player.<init>(Player.java:20)
	at Chess.Player.<init>(Player.java:20)
	at Chess.Player.<init>(Player.java:20)
	at Chess.Player.<init>(Player.java:20)
	at Chess.Player.<init>(Player.java:20)
	at Chess.Player.<init>(Player.java:20)
	at Chess.Player.<init>(Player.java:20)
	at Chess.Player.<init>(Player.java:20)
	at Chess.Player.<init>(Player.java:20)
	at Chess.Player.<init>(Player.java:20)
	at Chess.Player.<init>(Player.java:20)
	at Chess.Player.<init>(Player.java:20)
	at Chess.Player.<init>(Player.java:20)
	at Chess.Player.<init>(Player.java:20)
	at Chess.Player.<init>(Player.java:20)
	at Chess.Player.<init>(Player.java:20)
	at Chess.Player.<init>(Player.java:20)
	at Chess.Player.<init>(Player.java:20)
	at Chess.Player.<init>(Player.java:20)
	at Chess.Player.<init>(Player.java:20)
	at Chess.Player.<init>(Player.java:20)
	at Chess.Player.<init>(Player.java:20)
	at Chess.Player.<init>(Player.java:20)
	at Chess.Player.<init>(Player.java:20)
	at Chess.Player.<init>(Player.java:20)
	at Chess.Player.<init>(Player.java:20)
	at Chess.Player.<init>(Player.java:20)
	at Chess.Player.<init>(Player.java:20)
	at Chess.Player.<init>(Player.java:20)
	at Chess.Player.<init>(Player.java:20)
	at Chess.Player.<init>(Player.java:20)
	at Chess.Player.<init>(Player.java:20)
	at Chess.Player.<init>(Player.java:20)
	at Chess.Player.<init>(Player.java:20)
	at Chess.Player.<init>(Player.java:20)
	at Chess.Player.<init>(Player.java:20)
	at Chess.Player.<init>(Player.java:20)
	at Chess.Player.<init>(Player.java:20)
	at Chess.Player.<init>(Player.java:20)
	at Chess.Player.<init>(Player.java:20)
	at Chess.Player.<init>(Player.java:20)
	at Chess.Player.<init>(Player.java:20)
	at Chess.Player.<init>(Player.java:20)
	at Chess.Player.<init>(Player.java:20)
	at Chess.Player.<init>(Player.java:20)
	at Chess.Player.<init>(Player.java:20)
	at Chess.Player.<init>(Player.java:20)
	at Chess.Player.<init>(Player.java:20)
	at Chess.Player.<init>(Player.java:20)
	at Chess.Player.<init>(Player.java:20)
	at Chess.Player.<init>(Player.java:20)
	at Chess.Player.<init>(Player.java:20)
	at Chess.Player.<init>(Player.java:20)
	at Chess.Player.<init>(Player.java:20)
	at Chess.Player.<init>(Player.java:20)
	at Chess.Player.<init>(Player.java:20)
	at Chess.Player.<init>(Player.java:20)
	at Chess.Player.<init>(Player.java:20)
	at Chess.Player.<init>(Player.java:20)
	at Chess.Player.<init>(Player.java:20)
	at Chess.Player.<init>(Player.java:20)
	at Chess.Player.<init>(Player.java:20)
	at Chess.Player.<init>(Player.java:20)
	at Chess.Player.<init>(Player.java:20)
	at Chess.Player.<init>(Player.java:20)
	at Chess.Player.<init>(Player.java:20)
	at Chess.Player.<init>(Player.java:20)
	at Chess.Player.<init>(Player.java:20)
	at Chess.Player.<init>(Player.java:20)
	at Chess.Player.<init>(Player.java:20)
	at Chess.Player.<init>(Player.java:20)
	at Chess.Player.<init>(Player.java:20)
	at Chess.Player.<init>(Player.java:20)
	at Chess.Player.<init>(Player.java:20)
	at Chess.Player.<init>(Player.java:20)
	at Chess.Player.<init>(Player.java:20)
	at Chess.Player.<init>(Player.java:20)
	at Chess.Player.<init>(Player.java:20)
	at Chess.Player.<init>(Player.java:20)
	at Chess.Player.<init>(Player.java:20)
	at Chess.Player.<init>(Player.java:20)
	at Chess.Player.<init>(Player.java:20)
	at Chess.Player.<init>(Player.java:20)
	at Chess.Player.<init>(Player.java:20)
	at Chess.Player.<init>(Player.java:20)
	at Chess.Player.<init>(Player.java:20)
	at Chess.Player.<init>(Player.java:20)
	at Chess.Player.<init>(Player.java:20)
	at Chess.Player.<init>(Player.java:20)
	at Chess.Player.<init>(Player.java:20)
	at Chess.Player.<init>(Player.java:20)
	at Chess.Player.<init>(Player.java:20)
	at Chess.Player.<init>(Player.java:20)
	at Chess.Player.<init>(Player.java:20)
	at Chess.Player.<init>(Player.java:20)
	at Chess.Player.<init>(Player.java:20)
	at Chess.Player.<init>(Player.java:20)
	at Chess.Player.<init>(Player.java:20)
	at Chess.Player.<init>(Player.java:20)
	at Chess.Player.<init>(Player.java:20)
	at Chess.Player.<init>(Player.java:20)
	at Chess.Player.<init>(Player.java:20)
	at Chess.Player.<init>(Player.java:20)
	at Chess.Player.<init>(Player.java:20)
	at Chess.Player.<init>(Player.java:20)
	at Chess.Player.<init>(Player.java:20)
	at Chess.Player.<init>(Player.java:20)
	at Chess.Player.<init>(Player.java:20)
	at Chess.Player.<init>(Player.java:20)
	at Chess.Player.<init>(Player.java:20)
	at Chess.Player.<init>(Player.java:20)
	at Chess.Player.<init>(Player.java:20)
	at Chess.Player.<init>(Player.java:20)
	at Chess.Player.<init>(Player.java:20)
	at Chess.Player.<init>(Player.java:20)
	at Chess.Player.<init>(Player.java:20)
	at Chess.Player.<init>(Player.java:20)
	at Chess.Player.<init>(Player.java:20)
	at Chess.Player.<init>(Player.java:20)
	at Chess.Player.<init>(Player.java:20)
	at Chess.Player.<init>(Player.java:20)
	at Chess.Player.<init>(Player.java:20)
	at Chess.Player.<init>(Player.java:20)
	at Chess.Player.<init>(Player.java:20)
	at Chess.Player.<init>(Player.java:20)
	at Chess.Player.<init>(Player.java:20)
	at Chess.Player.<init>(Player.java:20)
	at Chess.Player.<init>(Player.java:20)
	at Chess.Player.<init>(Player.java:20)
	at Chess.Player.<init>(Player.java:20)
	at Chess.Player.<init>(Player.java:20)
	at Chess.Player.<init>(Player.java:20)
	at Chess.Player.<init>(Player.java:20)
	at Chess.Player.<init>(Player.java:20)
	at Chess.Player.<init>(Player.java:20)
	at Chess.Player.<init>(Player.java:20)
	at Chess.Player.<init>(Player.java:20)
	at Chess.Player.<init>(Player.java:20)
	at Chess.Player.<init>(Player.java:20)
	at Chess.Player.<init>(Player.java:20)
	at Chess.Player.<init>(Player.java:20)
	at Chess.Player.<init>(Player.java:20)
	at Chess.Player.<init>(Player.java:20)
	at Chess.Player.<init>(Player.java:20)
	at Chess.Player.<init>(Player.java:20)
	at Chess.Player.<init>(Player.java:20)
	at Chess.Player.<init>(Player.java:20)
	at Chess.Player.<init>(Player.java:20)
	at Chess.Player.<init>(Player.java:20)
	at Chess.Player.<init>(Player.java:20)
	at Chess.Player.<init>(Player.java:20)
	at Chess.Player.<init>(Player.java:20)
	at Chess.Player.<init>(Player.java:20)
	at Chess.Player.<init>(Player.java:20)
	at Chess.Player.<init>(Player.java:20)
	at Chess.Player.<init>(Player.java:20)
	at Chess.Player.<init>(Player.java:20)
	at Chess.Player.<init>(Player.java:20)
	at Chess.Player.<init>(Player.java:20)
	at Chess.Player.<init>(Player.java:20)
	at Chess.Player.<init>(Player.java:20)
	at Chess.Player.<init>(Player.java:20)
	at Chess.Player.<init>(Player.java:20)
	at Chess.Player.<init>(Player.java:20)
	at Chess.Player.<init>(Player.java:20)
	at Chess.Player.<init>(Player.java:20)
	at Chess.Player.<init>(Player.java:20)
	at Chess.Player.<init>(Player.java:20)
	at Chess.Player.<init>(Player.java:20)
	at Chess.Player.<init>(Player.java:20)
	at Chess.Player.<init>(Player.java:20)
	at Chess.Player.<init>(Player.java:20)
	at Chess.Player.<init>(Player.java:20)
	at Chess.Player.<init>(Player.java:20)
	at Chess.Player.<init>(Player.java:20)
	at Chess.Player.<init>(Player.java:20)
	at Chess.Player.<init>(Player.java:20)
	at Chess.Player.<init>(Player.java:20)
	at Chess.Player.<init>(Player.java:20)
	at Chess.Player.<init>(Player.java:20)
	at Chess.Player.<init>(Player.java:20)
	at Chess.Player.<init>(Player.java:20)
	at Chess.Player.<init>(Player.java:20)
	at Chess.Player.<init>(Player.java:20)
	at Chess.Player.<init>(Player.java:20)
	at Chess.Player.<init>(Player.java:20)
	at Chess.Player.<init>(Player.java:20)
	at Chess.Player.<init>(Player.java:20)
	at Chess.Player.<init>(Player.java:20)
	at Chess.Player.<init>(Player.java:20)
	at Chess.Player.<init>(Player.java:20)
	at Chess.Player.<init>(Player.java:20)
	at Chess.Player.<init>(Player.java:20)
	at Chess.Player.<init>(Player.java:20)
	at Chess.Player.<init>(Player.java:20)
	at Chess.Player.<init>(Player.java:20)
	at Chess.Player.<init>(Player.java:20)
	at Chess.Player.<init>(Player.java:20)
	at Chess.Player.<init>(Player.java:20)
	at Chess.Player.<init>(Player.java:20)
	at Chess.Player.<init>(Player.java:20)
	at Chess.Player.<init>(Player.java:20)
	at Chess.Player.<init>(Player.java:20)
	at Chess.Player.<init>(Player.java:20)
	at Chess.Player.<init>(Player.java:20)
	at Chess.Player.<init>(Player.java:20)
	at Chess.Player.<init>(Player.java:20)
	at Chess.Player.<init>(Player.java:20)
	at Chess.Player.<init>(Player.java:20)
	at Chess.Player.<init>(Player.java:20)
	at Chess.Player.<init>(Player.java:20)
	at Chess.Player.<init>(Player.java:20)
	at Chess.Player.<init>(Player.java:20)
	at Chess.Player.<init>(Player.java:20)
	at Chess.Player.<init>(Player.java:20)
	at Chess.Player.<init>(Player.java:20)
	at Chess.Player.<init>(Player.java:20)
	at Chess.Player.<init>(Player.java:20)
	at Chess.Player.<init>(Player.java:20)
	at Chess.Player.<init>(Player.java:20)
	at Chess.Player.<init>(Player.java:20)
	at Chess.Player.<init>(Player.java:20)
	at Chess.Player.<init>(Player.java:20)
	at Chess.Player.<init>(Player.java:20)
	at Chess.Player.<init>(Player.java:20)
	at Chess.Player.<init>(Player.java:20)
	at Chess.Player.<init>(Player.java:20)
	at Chess.Player.<init>(Player.java:20)
	at Chess.Player.<init>(Player.java:20)
	at Chess.Player.<init>(Player.java:20)
	at Chess.Player.<init>(Player.java:20)
	at Chess.Player.<init>(Player.java:20)
	at Chess.Player.<init>(Player.java:20)
	at Chess.Player.<init>(Player.java:20)
	at Chess.Player.<init>(Player.java:20)
	at Chess.Player.<init>(Player.java:20)
	at Chess.Player.<init>(Player.java:20)
	at Chess.Player.<init>(Player.java:20)
	at Chess.Player.<init>(Player.java:20)
	at Chess.Player.<init>(Player.java:20)
	at Chess.Player.<init>(Player.java:20)
	at Chess.Player.<init>(Player.java:20)
	at Chess.Player.<init>(Player.java:20)
	at Chess.Player.<init>(Player.java:20)
	at Chess.Player.<init>(Player.java:20)
	at Chess.Player.<init>(Player.java:20)
	at Chess.Player.<init>(Player.java:20)
	at Chess.Player.<init>(Player.java:20)
	at Chess.Player.<init>(Player.java:20)
	at Chess.Player.<init>(Player.java:20)
	at Chess.Player.<init>(Player.java:20)
	at Chess.Player.<init>(Player.java:20)
	at Chess.Player.<init>(Player.java:20)
	at Chess.Player.<init>(Player.java:20)
	at Chess.Player.<init>(Player.java:20)
	at Chess.Player.<init>(Player.java:20)
	at Chess.Player.<init>(Player.java:20)
	at Chess.Player.<init>(Player.java:20)
	at Chess.Player.<init>(Player.java:20)
	at Chess.Player.<init>(Player.java:20)
	at Chess.Player.<init>(Player.java:20)
	at Chess.Player.<init>(Player.java:20)
	at Chess.Player.<init>(Player.java:20)
	at Chess.Player.<init>(Player.java:20)
	at Chess.Player.<init>(Player.java:20)
	at Chess.Player.<init>(Player.java:20)
	at Chess.Player.<init>(Player.java:20)
	at Chess.Player.<init>(Player.java:20)
	at Chess.Player.<init>(Player.java:20)
	at Chess.Player.<init>(Player.java:20)
	at Chess.Player.<init>(Player.java:20)
	at Chess.Player.<init>(Player.java:20)
	at Chess.Player.<init>(Player.java:20)
	at Chess.Player.<init>(Player.java:20)
	at Chess.Player.<init>(Player.java:20)
	at Chess.Player.<init>(Player.java:20)
	at Chess.Player.<init>(Player.java:20)
	at Chess.Player.<init>(Player.java:20)
	at Chess.Player.<init>(Player.java:20)
	at Chess.Player.<init>(Player.java:20)
	at Chess.Player.<init>(Player.java:20)
	at Chess.Player.<init>(Player.java:20)
	at Chess.Player.<init>(Player.java:20)
	at Chess.Player.<init>(Player.java:20)
	at Chess.Player.<init>(Player.java:20)
	at Chess.Player.<init>(Player.java:20)
	at Chess.Player.<init>(Player.java:20)
	at Chess.Player.<init>(Player.java:20)
	at Chess.Player.<init>(Player.java:20)
	at Chess.Player.<init>(Player.java:20)
	at Chess.Player.<init>(Player.java:20)
	at Chess.Player.<init>(Player.java:20)
	at Chess.Player.<init>(Player.java:20)
	at Chess.Player.<init>(Player.java:20)
	at Chess.Player.<init>(Player.java:20)
	at Chess.Player.<init>(Player.java:20)
	at Chess.Player.<init>(Player.java:20)
	at Chess.Player.<init>(Player.java:20)
	at Chess.Player.<init>(Player.java:20)
	at Chess.Player.<init>(Player.java:20)
	at Chess.Player.<init>(Player.java:20)
	at Chess.Player.<init>(Player.java:20)
	at Chess.Player.<init>(Player.java:20)
	at Chess.Player.<init>(Player.java:20)
	at Chess.Player.<init>(Player.java:20)
	at Chess.Player.<init>(Player.java:20)
	at Chess.Player.<init>(Player.java:20)
	at Chess.Player.<init>(Player.java:20)
	at Chess.Player.<init>(Player.java:20)
	at Chess.Player.<init>(Player.java:20)
	at Chess.Player.<init>(Player.java:20)
	at Chess.Player.<init>(Player.java:20)
	at Chess.Player.<init>(Player.java:20)
	at Chess.Player.<init>(Player.java:20)
	at Chess.Player.<init>(Player.java:20)
	at Chess.Player.<init>(Player.java:20)
	at Chess.Player.<init>(Player.java:20)
	at Chess.Player.<init>(Player.java:20)
	at Chess.Player.<init>(Player.java:20)
	at Chess.Player.<init>(Player.java:20)
	at Chess.Player.<init>(Player.java:20)
	at Chess.Player.<init>(Player.java:20)
	at Chess.Player.<init>(Player.java:20)
	at Chess.Player.<init>(Player.java:20)
	at Chess.Player.<init>(Player.java:20)
	at Chess.Player.<init>(Player.java:20)
	at Chess.Player.<init>(Player.java:20)
	at Chess.Player.<init>(Player.java:20)
	at Chess.Player.<init>(Player.java:20)
	at Chess.Player.<init>(Player.java:20)
	at Chess.Player.<init>(Player.java:20)
	at Chess.Player.<init>(Player.java:20)
	at Chess.Player.<init>(Player.java:20)
	at Chess.Player.<init>(Player.java:20)
	at Chess.Player.<init>(Player.java:20)
	at Chess.Player.<init>(Player.java:20)
	at Chess.Player.<init>(Player.java:20)
	at Chess.Player.<init>(Player.java:20)
	at Chess.Player.<init>(Player.java:20)
	at Chess.Player.<init>(Player.java:20)
	at Chess.Player.<init>(Player.java:20)
	at Chess.Player.<init>(Player.java:20)
	at Chess.Player.<init>(Player.java:20)
	at Chess.Player.<init>(Player.java:20)
	at Chess.Player.<init>(Player.java:20)
	at Chess.Player.<init>(Player.java:20)
	at Chess.Player.<init>(Player.java:20)
	at Chess.Player.<init>(Player.java:20)
	at Chess.Player.<init>(Player.java:20)
	at Chess.Player.<init>(Player.java:20)
	at Chess.Player.<init>(Player.java:20)
	at Chess.Player.<init>(Player.java:20)
	at Chess.Player.<init>(Player.java:20)
	at Chess.Player.<init>(Player.java:20)
	at Chess.Player.<init>(Player.java:20)
	at Chess.Player.<init>(Player.java:20)
	at Chess.Player.<init>(Player.java:20)
	at Chess.Player.<init>(Player.java:20)
	at Chess.Player.<init>(Player.java:20)
	at Chess.Player.<init>(Player.java:20)
	at Chess.Player.<init>(Player.java:20)
	at Chess.Player.<init>(Player.java:20)
	at Chess.Player.<init>(Player.java:20)
	at Chess.Player.<init>(Player.java:20)
	at Chess.Player.<init>(Player.java:20)
	at Chess.Player.<init>(Player.java:20)
	at Chess.Player.<init>(Player.java:20)
	at Chess.Player.<init>(Player.java:20)
	at Chess.Player.<init>(Player.java:20)
	at Chess.Player.<init>(Player.java:20)
	at Chess.Player.<init>(Player.java:20)
	at Chess.Player.<init>(Player.java:20)
	at Chess.Player.<init>(Player.java:20)
	at Chess.Player.<init>(Player.java:20)
	at Chess.Player.<init>(Player.java:20)
	at Chess.Player.<init>(Player.java:20)
	at Chess.Player.<init>(Player.java:20)
	at Chess.Player.<init>(Player.java:20)
	at Chess.Player.<init>(Player.java:20)
	at Chess.Player.<init>(Player.java:20)
	at Chess.Player.<init>(Player.java:20)
	at Chess.Player.<init>(Player.java:20)
	at Chess.Player.<init>(Player.java:20)
	at Chess.Player.<init>(Player.java:20)
	at Chess.Player.<init>(Player.java:20)
	at Chess.Player.<init>(Player.java:20)
	at Chess.Player.<init>(Player.java:20)
	at Chess.Player.<init>(Player.java:20)
	at Chess.Player.<init>(Player.java:20)
	at Chess.Player.<init>(Player.java:20)
	at Chess.Player.<init>(Player.java:20)
	at Chess.Player.<init>(Player.java:20)
	at Chess.Player.<init>(Player.java:20)
	at Chess.Player.<init>(Player.java:20)
	at Chess.Player.<init>(Player.java:20)
	at Chess.Player.<init>(Player.java:20)
	at Chess.Player.<init>(Player.java:20)
	at Chess.Player.<init>(Player.java:20)
	at Chess.Player.<init>(Player.java:20)
	at Chess.Player.<init>(Player.java:20)
	at Chess.Player.<init>(Player.java:20)
	at Chess.Player.<init>(Player.java:20)
	at Chess.Player.<init>(Player.java:20)
	at Chess.Player.<init>(Player.java:20)
	at Chess.Player.<init>(Player.java:20)
	at Chess.Player.<init>(Player.java:20)
	at Chess.Player.<init>(Player.java:20)
	at Chess.Player.<init>(Player.java:20)
	at Chess.Player.<init>(Player.java:20)
	at Chess.Player.<init>(Player.java:20)
	at Chess.Player.<init>(Player.java:20)
	at Chess.Player.<init>(Player.java:20)
	at Chess.Player.<init>(Player.java:20)
	at Chess.Player.<init>(Player.java:20)
	at Chess.Player.<init>(Player.java:20)
	at Chess.Player.<init>(Player.java:20)
	at Chess.Player.<init>(Player.java:20)
	at Chess.Player.<init>(Player.java:20)
	at Chess.Player.<init>(Player.java:20)
	at Chess.Player.<init>(Player.java:20)
	at Chess.Player.<init>(Player.java:20)
	at Chess.Player.<init>(Player.java:20)
	at Chess.Player.<init>(Player.java:20)
	at Chess.Player.<init>(Player.java:20)
	at Chess.Player.<init>(Player.java:20)
	at Chess.Player.<init>(Player.java:20)
	at Chess.Player.<init>(Player.java:20)
	at Chess.Player.<init>(Player.java:20)
	at Chess.Player.<init>(Player.java:20)
	at Chess.Player.<init>(Player.java:20)
	at Chess.Player.<init>(Player.java:20)
	at Chess.Player.<init>(Player.java:20)
	at Chess.Player.<init>(Player.java:20)
	at Chess.Player.<init>(Player.java:20)
	at Chess.Player.<init>(Player.java:20)
	at Chess.Player.<init>(Player.java:20)
	at Chess.Player.<init>(Player.java:20)
	at Chess.Player.<init>(Player.java:20)
	at Chess.Player.<init>(Player.java:20)
	at Chess.Player.<init>(Player.java:20)
	at Chess.Player.<init>(Player.java:20)
	at Chess.Player.<init>(Player.java:20)
	at Chess.Player.<init>(Player.java:20)
	at Chess.Player.<init>(Player.java:20)
	at Chess.Player.<init>(Player.java:20)
	at Chess.Player.<init>(Player.java:20)
	at Chess.Player.<init>(Player.java:20)
	at Chess.Player.<init>(Player.java:20)
	at Chess.Player.<init>(Player.java:20)
	at Chess.Player.<init>(Player.java:20)
	at Chess.Player.<init>(Player.java:20)
	at Chess.Player.<init>(Player.java:20)
	at Chess.Player.<init>(Player.java:20)
	at Chess.Player.<init>(Player.java:20)
	at Chess.Player.<init>(Player.java:20)
	at Chess.Player.<init>(Player.java:20)
	at Chess.Player.<init>(Player.java:20)
	at Chess.Player.<init>(Player.java:20)
	at Chess.Player.<init>(Player.java:20)
	at Chess.Player.<init>(Player.java:20)
	at Chess.Player.<init>(Player.java:20)
	at Chess.Player.<init>(Player.java:20)
	at Chess.Player.<init>(Player.java:20)
	at Chess.Player.<init>(Player.java:20)
	at Chess.Player.<init>(Player.java:20)
	at Chess.Player.<init>(Player.java:20)
	at Chess.Player.<init>(Player.java:20)
	at Chess.Player.<init>(Player.java:20)
	at Chess.Player.<init>(Player.java:20)
	at Chess.Player.<init>(Player.java:20)
	at Chess.Player.<init>(Player.java:20)
	at Chess.Player.<init>(Player.java:20)
	at Chess.Player.<init>(Player.java:20)
	at Chess.Player.<init>(Player.java:20)
	at Chess.Player.<init>(Player.java:20)
	at Chess.Player.<init>(Player.java:20)
	at Chess.Player.<init>(Player.java:20)
	at Chess.Player.<init>(Player.java:20)
	at Chess.Player.<init>(Player.java:20)
	at Chess.Player.<init>(Player.java:20)
	at Chess.Player.<init>(Player.java:20)
	at Chess.Player.<init>(Player.java:20)
	at Chess.Player.<init>(Player.java:20)
	at Chess.Player.<init>(Player.java:20)
	at Chess.Player.<init>(Player.java:20)
	at Chess.Player.<init>(Player.java:20)
	at Chess.Player.<init>(Player.java:20)
	at Chess.Player.<init>(Player.java:20)
	at Chess.Player.<init>(Player.java:20)
	at Chess.Player.<init>(Player.java:20)
	at Chess.Player.<init>(Player.java:20)
	at Chess.Player.<init>(Player.java:20)
	at Chess.Player.<init>(Player.java:20)
	at Chess.Player.<init>(Player.java:20)
	at Chess.Player.<init>(Player.java:20)
	at Chess.Player.<init>(Player.java:20)
	at Chess.Player.<init>(Player.java:20)
	at Chess.Player.<init>(Player.java:20)
	at Chess.Player.<init>(Player.java:20)
	at Chess.Player.<init>(Player.java:20)
	at Chess.Player.<init>(Player.java:20)
	at Chess.Player.<init>(Player.java:20)
	at Chess.Player.<init>(Player.java:20)
	at Chess.Player.<init>(Player.java:20)
	at Chess.Player.<init>(Player.java:20)
	at Chess.Player.<init>(Player.java:20)
	at Chess.Player.<init>(Player.java:20)
	at Chess.Player.<init>(Player.java:20)
	at Chess.Player.<init>(Player.java:20)
	at Chess.Player.<init>(Player.java:20)
	at Chess.Player.<init>(Player.java:20)
	at Chess.Player.<init>(Player.java:20)
	at Chess.Player.<init>(Player.java:20)
	at Chess.Player.<init>(Player.java:20)
	at Chess.Player.<init>(Player.java:20)
	at Chess.Player.<init>(Player.java:20)
	at Chess.Player.<init>(Player.java:20)
	at Chess.Player.<init>(Player.java:20)
	at Chess.Player.<init>(Player.java:20)
	at Chess.Player.<init>(Player.java:20)
	at Chess.Player.<init>(Player.java:20)
	at Chess.Player.<init>(Player.java:20)
	at Chess.Player.<init>(Player.java:20)
	at Chess.Player.<init>(Player.java:20)
	at Chess.Player.<init>(Player.java:20)
	at Chess.Player.<init>(Player.java:20)
	at Chess.Player.<init>(Player.java:20)
	at Chess.Player.<init>(Player.java:20)
	at Chess.Player.<init>(Player.java:20)
	at Chess.Player.<init>(Player.java:20)
	at Chess.Player.<init>(Player.java:20)
	at Chess.Player.<init>(Player.java:20)
	at Chess.Player.<init>(Player.java:20)
	at Chess.Player.<init>(Player.java:20)
	at Chess.Player.<init>(Player.java:20)
	at Chess.Player.<init>(Player.java:20)
	at Chess.Player.<init>(Player.java:20)
	at Chess.Player.<init>(Player.java:20)
	at Chess.Player.<init>(Player.java:20)
	at Chess.Player.<init>(Player.java:20)
	at Chess.Player.<init>(Player.java:20)
	at Chess.Player.<init>(Player.java:20)
	at Chess.Player.<init>(Player.java:20)
	at Chess.Player.<init>(Player.java:20)
	at Chess.Player.<init>(Player.java:20)
	at Chess.Player.<init>(Player.java:20)
	at Chess.Player.<init>(Player.java:20)
	at Chess.Player.<init>(Player.java:20)
	at Chess.Player.<init>(Player.java:20)
	at Chess.Player.<init>(Player.java:20)
	at Chess.Player.<init>(Player.java:20)
	at Chess.Player.<init>(Player.java:20)
	at Chess.Player.<init>(Player.java:20)
	at Chess.Player.<init>(Player.java:20)
	at Chess.Player.<init>(Player.java:20)
	at Chess.Player.<init>(Player.java:20)
	at Chess.Player.<init>(Player.java:20)
	at Chess.Player.<init>(Player.java:20)
	at Chess.Player.<init>(Player.java:20)
	at Chess.Player.<init>(Player.java:20)
	at Chess.Player.<init>(Player.java:20)
	at Chess.Player.<init>(Player.java:20)
	at Chess.Player.<init>(Player.java:20)
	at Chess.Player.<init>(Player.java:20)
	at Chess.Player.<init>(Player.java:20)
	at Chess.Player.<init>(Player.java:20)
	at Chess.Player.<init>(Player.java:20)
	at Chess.Player.<init>(Player.java:20)
	at Chess.Player.<init>(Player.java:20)
	at Chess.Player.<init>(Player.java:20)
	at Chess.Player.<init>(Player.java:20)
	at Chess.Player.<init>(Player.java:20)
	at Chess.Player.<init>(Player.java:20)
	at Chess.Player.<init>(Player.java:20)
	at Chess.Player.<init>(Player.java:20)
	at Chess.Player.<init>(Player.java:20)
	at Chess.Player.<init>(Player.java:20)
	at Chess.Player.<init>(Player.java:20)
	at Chess.Player.<init>(Player.java:20)
	at Chess.Player.<init>(Player.java:20)
	at Chess.Player.<init>(Player.java:20)
	at Chess.Player.<init>(Player.java:20)
	at Chess.Player.<init>(Player.java:20)
	at Chess.Player.<init>(Player.java:20)
	at Chess.Player.<init>(Player.java:20)
	at Chess.Player.<init>(Player.java:20)
	at Chess.Player.<init>(Player.java:20)
	at Chess.Player.<init>(Player.java:20)
	at Chess.Player.<init>(Player.java:20)
	at Chess.Player.<init>(Player.java:20)
	at Chess.Player.<init>(Player.java:20)
	at Chess.Player.<init>(Player.java:20)
	at Chess.Player.<init>(Player.java:20)
	at Chess.Player.<init>(Player.java:20)
	at Chess.Player.<init>(Player.java:20)
	at Chess.Player.<init>(Player.java:20)
	at Chess.Player.<init>(Player.java:20)
	at Chess.Player.<init>(Player.java:20)
	at Chess.Player.<init>(Player.java:20)
	at Chess.Player.<init>(Player.java:20)
	at Chess.Player.<init>(Player.java:20)
	at Chess.Player.<init>(Player.java:20)
	at Chess.Player.<init>(Player.java:20)
	at Chess.Player.<init>(Player.java:20)
	at Chess.Player.<init>(Player.java:20)
	at Chess.Player.<init>(Player.java:20)
	at Chess.Player.<init>(Player.java:20)
	at Chess.Player.<init>(Player.java:20)
	at Chess.Player.<init>(Player.java:20)
	at Chess.Player.<init>(Player.java:20)
	at Chess.Player.<init>(Player.java:20)
	at Chess.Player.<init>(Player.java:20)
	at Chess.Player.<init>(Player.java:20)
	at Chess.Player.<init>(Player.java:20)
	at Chess.Player.<init>(Player.java:20)
	at Chess.Player.<init>(Player.java:20)
	at Chess.Player.<init>(Player.java:20)
	at Chess.Player.<init>(Player.java:20)
	at Chess.Player.<init>(Player.java:20)
	at Chess.Player.<init>(Player.java:20)
	at Chess.Player.<init>(Player.java:20)
	at Chess.Player.<init>(Player.java:20)
	at Chess.Player.<init>(Player.java:20)
	at Chess.Player.<init>(Player.java:20)
	at Chess.Player.<init>(Player.java:20)
	at Chess.Player.<init>(Player.java:20)
	at Chess.Player.<init>(Player.java:20)
	at Chess.Player.<init>(Player.java:20)
	at Chess.Player.<init>(Player.java:20)
	at Chess.Player.<init>(Player.java:20)
	at Chess.Player.<init>(Player.java:20)
	at Chess.Player.<init>(Player.java:20)
	at Chess.Player.<init>(Player.java:20)
	at Chess.Player.<init>(Player.java:20)
	at Chess.Player.<init>(Player.java:20)
	at Chess.Player.<init>(Player.java:20)
	at Chess.Player.<init>(Player.java:20)
	at Chess.Player.<init>(Player.java:20)
	at Chess.Player.<init>(Player.java:20)
	at Chess.Player.<init>(Player.java:20)
	at Chess.Player.<init>(Player.java:20)
	at Chess.Player.<init>(Player.java:20)
	at Chess.Player.<init>(Player.java:20)
	at Chess.Player.<init>(Player.java:20)
	at Chess.Player.<init>(Player.java:20)
	at Chess.Player.<init>(Player.java:20)
	at Chess.Player.<init>(Player.java:20)
	at Chess.Player.<init>(Player.java:20)
	at Chess.Player.<init>(Player.java:20)
	at Chess.Player.<init>(Player.java:20)
	at Chess.Player.<init>(Player.java:20)
	at Chess.Player.<init>(Player.java:20)
	at Chess.Player.<init>(Player.java:20)
	at Chess.Player.<init>(Player.java:20)
	at Chess.Player.<init>(Player.java:20)
	at Chess.Player.<init>(Player.java:20)
	at Chess.Player.<init>(Player.java:20)
	at Chess.Player.<init>(Player.java:20)
	at Chess.Player.<init>(Player.java:20)
	at Chess.Player.<init>(Player.java:20)
	at Chess.Player.<init>(Player.java:20)
	at Chess.Player.<init>(Player.java:20)
	at Chess.Player.<init>(Player.java:20)
	at Chess.Player.<init>(Player.java:20)
	at Chess.Player.<init>(Player.java:20)
	at Chess.Player.<init>(Player.java:20)
	at Chess.Player.<init>(Player.java:20)
	at Chess.Player.<init>(Player.java:20)
	at Chess.Player.<init>(Player.java:20)
	at Chess.Player.<init>(Player.java:20)
	at Chess.Player.<init>(Player.java:20)
	at Chess.Player.<init>(Player.java:20)
	at Chess.Player.<init>(Player.java:20)
	at Chess.Player.<init>(Player.java:20)
	at Chess.Player.<init>(Player.java:20)
	at Chess.Player.<init>(Player.java:20)
	at Chess.Player.<init>(Player.java:20)
	at Chess.Player.<init>(Player.java:20)
	at Chess.Player.<init>(Player.java:20)
	at Chess.Player.<init>(Player.java:20)
	at Chess.Player.<init>(Player.java:20)
	at Chess.Player.<init>(Player.java:20)
	at Chess.Player.<init>(Player.java:20)
	at Chess.Player.<init>(Player.java:20)
	at Chess.Player.<init>(Player.java:20)
	at Chess.Player.<init>(Player.java:20)
	at Chess.Player.<init>(Player.java:20)
	at Chess.Player.<init>(Player.java:20)
	at Chess.Player.<init>(Player.java:20)
	at Chess.Player.<init>(Player.java:20)
	at Chess.Player.<init>(Player.java:20)
	at Chess.Player.<init>(Player.java:20)
	at Chess.Player.<init>(Player.java:20)
	at Chess.Player.<init>(Player.java:20)
	at Chess.Player.<init>(Player.java:20)
	at Chess.Player.<init>(Player.java:20)
	at Chess.Player.<init>(Player.java:20)
	at Chess.Player.<init>(Player.java:20)
	at Chess.Player.<init>(Player.java:20)
	at Chess.Player.<init>(Player.java:20)
	at Chess.Player.<init>(Player.java:20)
	at Chess.Player.<init>(Player.java:20)
	at Chess.Player.<init>(Player.java:20)
	at Chess.Player.<init>(Player.java:20)
	at Chess.Player.<init>(Player.java:20)
	at Chess.Player.<init>(Player.java:20)
	at Chess.Player.<init>(Player.java:20)
	at Chess.Player.<init>(Player.java:20)
	at Chess.Player.<init>(Player.java:20)
	at Chess.Player.<init>(Player.java:20)
	at Chess.Player.<init>(Player.java:20)
	at Chess.Player.<init>(Player.java:20)
	at Chess.Player.<init>(Player.java:20)
	at Chess.Player.<init>(Player.java:20)
	at Chess.Player.<init>(Player.java:20)
	at Chess.Player.<init>(Player.java:20)
	at Chess.Player.<init>(Player.java:20)
	at Chess.Player.<init>(Player.java:20)
	at Chess.Player.<init>(Player.java:20)
	at Chess.Player.<init>(Player.java:20)
	at Chess.Player.<init>(Player.java:20)
	at Chess.Player.<init>(Player.java:20)
	at Chess.Player.<init>(Player.java:20)
	at Chess.Player.<init>(Player.java:20)
	at Chess.Player.<init>(Player.java:20)
	at Chess.Player.<init>(Player.java:20)
	at Chess.Player.<init>(Player.java:20)
	at Chess.Player.<init>(Player.java:20)
	at Chess.Player.<init>(Player.java:20)
	at Chess.Player.<init>(Player.java:20)
	at Chess.Player.<init>(Player.java:20)
	at Chess.Player.<init>(Player.java:20)
	at Chess.Player.<init>(Player.java:20)
	at Chess.Player.<init>(Player.java:20)
	at Chess.Player.<init>(Player.java:20)
	at Chess.Player.<init>(Player.java:20)
	at Chess.Player.<init>(Player.java:20)
	at Chess.Player.<init>(Player.java:20)
	at Chess.Player.<init>(Player.java:20)
	at Chess.Player.<init>(Player.java:20)
	at Chess.Player.<init>(Player.java:20)
	at Chess.Player.<init>(Player.java:20)
	at Chess.Player.<init>(Player.java:20)
	at Chess.Player.<init>(Player.java:20)
	at Chess.Player.<init>(Player.java:20)
	at Chess.Player.<init>(Player.java:20)
	at Chess.Player.<init>(Player.java:20)
	at Chess.Player.<init>(Player.java:20)
	at Chess.Player.<init>(Player.java:20)
	at Chess.Player.<init>(Player.java:20)
	at Chess.Player.<init>(Player.java:20)
	at Chess.Player.<init>(Player.java:20)
	at Chess.Player.<init>(Player.java:20)
	at Chess.Player.<init>(Player.java:20)
	at Chess.Player.<init>(Player.java:20)
	at Chess.Player.<init>(Player.java:20)
	at Chess.Player.<init>(Player.java:20)
	at Chess.Player.<init>(Player.java:20)
	at Chess.Player.<init>(Player.java:20)
	at Chess.Player.<init>(Player.java:20)
	at Chess.Player.<init>(Player.java:20)
	at Chess.Player.<init>(Player.java:20)
	at Chess.Player.<init>(Player.java:20)
	at Chess.Player.<init>(Player.java:20)
	at Chess.Player.<init>(Player.java:20)
	at Chess.Player.<init>(Player.java:20)
	at Chess.Player.<init>(Player.java:20)
	at Chess.Player.<init>(Player.java:20)
	at Chess.Player.<init>(Player.java:20)
	at Chess.Player.<init>(Player.java:20)
	at Chess.Player.<init>(Player.java:20)
	at Chess.Player.<init>(Player.java:20)
	at Chess.Player.<init>(Player.java:20)
	at Chess.Player.<init>(Player.java:20)
	at Chess.Player.<init>(Player.java:20)
	at Chess.Player.<init>(Player.java:20)
	at Chess.Player.<init>(Player.java:20)
	at Chess.Player.<init>(Player.java:20)
	at Chess.Player.<init>(Player.java:20)
	at Chess.Player.<init>(Player.java:20)
	at Chess.Player.<init>(Player.java:20)
	at Chess.Player.<init>(Player.java:20)
	at Chess.Player.<init>(Player.java:20)
	at Chess.Player.<init>(Player.java:20)
	at Chess.Player.<init>(Player.java:20)
	at Chess.Player.<init>(Player.java:20)
	at Chess.Player.<init>(Player.java:20)
	at Chess.Player.<init>(Player.java:20)
	at Chess.Player.<init>(Player.java:20)
	at Chess.Player.<init>(Player.java:20)
	at Chess.Player.<init>(Player.java:20)
	at Chess.Player.<init>(Player.java:20)
	at Chess.Player.<init>(Player.java:20)
	at Chess.Player.<init>(Player.java:20)
	at Chess.Player.<init>(Player.java:20)
	at Chess.Player.<init>(Player.java:20)
	at Chess.Player.<init>(Player.java:20)
	at Chess.Player.<init>(Player.java:20)
	at Chess.Player.<init>(Player.java:20)
	at Chess.Player.<init>(Player.java:20)
	at Chess.Player.<init>(Player.java:20)
	at Chess.Player.<init>(Player.java:20)
	at Chess.Player.<init>(Player.java:20)
	at Chess.Player.<init>(Player.java:20)
	at Chess.Player.<init>(Player.java:20)
	at Chess.Player.<init>(Player.java:20)
	at Chess.Player.<init>(Player.java:20)
	at Chess.Player.<init>(Player.java:20)
	at Chess.Player.<init>(Player.java:20)
	at Chess.Player.<init>(Player.java:20)
	at Chess.Player.<init>(Player.java:20)
	at Chess.Player.<init>(Player.java:20)
	at Chess.Player.<init>(Player.java:20)
	at Chess.Player.<init>(Player.java:20)
	at Chess.Player.<init>(Player.java:20)
	at Chess.Player.<init>(Player.java:20)
	at Chess.Player.<init>(Player.java:20)
	at Chess.Player.<init>(Player.java:20)
	at Chess.Player.<init>(Player.java:20)
	at Chess.Player.<init>(Player.java:20)
	at Chess.Player.<init>(Player.java:20)
	at Chess.Player.<init>(Player.java:20)
	at Chess.Player.<init>(Player.java:20)
	at Chess.Player.<init>(Player.java:20)
	at Chess.Player.<init>(Player.java:20)
	at Chess.Player.<init>(Player.java:20)
	at Chess.Player.<init>(Player.java:20)
	at Chess.Player.<init>(Player.java:20)
	at Chess.Player.<init>(Player.java:20)
	at Chess.Player.<init>(Player.java:20)
	at Chess.Player.<init>(Player.java:20)
	at Chess.Player.<init>(Player.java:20)
	at Chess.Player.<init>(Player.java:20)
	at Chess.Player.<init>(Player.java:20)
	at Chess.Player.<init>(Player.java:20)
	at Chess.Player.<init>(Player.java:20)
	at Chess.Player.<init>(Player.java:20)
	at Chess.Player.<init>(Player.java:20)
	at Chess.Player.<init>(Player.java:20)
	at Chess.Player.<init>(Player.java:20)
	at Chess.Player.<init>(Player.java:20)
	at Chess.Player.<init>(Player.java:20)
	at Chess.Player.<init>(Player.java:20)
	at Chess.Player.<init>(Player.java:20)
	at Chess.Player.<init>(Player.java:20)
	at Chess.Player.<init>(Player.java:20)
	at Chess.Player.<init>(Player.java:20)
	at Chess.Player.<init>(Player.java:20)
	at Chess.Player.<init>(Player.java:20)
	at Chess.Player.<init>(Player.java:20)
	at Chess.Player.<init>(Player.java:20)
	at Chess.Player.<init>(Player.java:20)
	at Chess.Player.<init>(Player.java:20)
	at Chess.Player.<init>(Player.java:20)
	at Chess.Player.<init>(Player.java:20)
	at Chess.Player.<init>(Player.java:20)
	at Chess.Player.<init>(Player.java:20)
	at Chess.Player.<init>(Player.java:20)
	at Chess.Player.<init>(Player.java:20)
	at Chess.Player.<init>(Player.java:20)
	at Chess.Player.<init>(Player.java:20)
	at Chess.Player.<init>(Player.java:20)
	at Chess.Player.<init>(Player.java:20)
	at Chess.Player.<init>(Player.java:20)
	at Chess.Player.<init>(Player.java:20)
	at Chess.Player.<init>(Player.java:20)
	at Chess.Player.<init>(Player.java:20)
	at Chess.Player.<init>(Player.java:20)
	at Chess.Player.<init>(Player.java:20)
	at Chess.Player.<init>(Player.java:20)
	at Chess.Player.<init>(Player.java:20)
	at Chess.Player.<init>(Player.java:20)
	at Chess.Player.<init>(Player.java:20)
	at Chess.Player.<init>(Player.java:20)
	at Chess.Player.<init>(Player.java:20)
	at Chess.Player.<init>(Player.java:20)
	at Chess.Player.<init>(Player.java:20)
	at Chess.Player.<init>(Player.java:20)
	at Chess.Player.<init>(Player.java:20)
	at Chess.Player.<init>(Player.java:20)
	at Chess.Player.<init>(Player.java:20)
	at Chess.Player.<init>(Player.java:20)
	at Chess.Player.<init>(Player.java:20)
	at Chess.Player.<init>(Player.java:20)
	at Chess.Player.<init>(Player.java:20)
	at Chess.Player.<init>(Player.java:20)
	at Chess.Player.<init>(Player.java:20)
	at Chess.Player.<init>(Player.java:20)
	at Chess.Player.<init>(Player.java:20)
	at Chess.Player.<init>(Player.java:20)
	at Chess.Player.<init>(Player.java:20)
	at Chess.Player.<init>(Player.java:20)
	at Chess.Player.<init>(Player.java:20)
	at Chess.Player.<init>(Player.java:20)
	at Chess.Player.<init>(Player.java:20)
	at Chess.Player.<init>(Player.java:20)
	at Chess.Player.<init>(Player.java:20)
	at Chess.Player.<init>(Player.java:20)
	at Chess.Player.<init>(Player.java:20)
	at Chess.Player.<init>(Player.java:20)
	at Chess.Player.<init>(Player.java:20)
	at Chess.Player.<init>(Player.java:20)
	at Chess.Player.<init>(Player.java:20)
	at Chess.Player.<init>(Player.java:20)
	at Chess.Player.<init>(Player.java:20)
	at Chess.Player.<init>(Player.java:20)
	at Chess.Player.<init>(Player.java:20)
	at Chess.Player.<init>(Player.java:20)
	at Chess.Player.<init>(Player.java:20)
	at Chess.Player.<init>(Player.java:20)
	at Chess.Player.<init>(Player.java:20)
	at Chess.Player.<init>(Player.java:20)
	at Chess.Player.<init>(Player.java:20)
	at Chess.Player.<init>(Player.java:20)
	at Chess.Player.<init>(Player.java:20)
	at Chess.Player.<init>(Player.java:20)
	at Chess.Player.<init>(Player.java:20)
	at Chess.Player.<init>(Player.java:20)
	at Chess.Player.<init>(Player.java:20)
	at Chess.Player.<init>(Player.java:20)
	at Chess.Player.<init>(Player.java:20)
	at Chess.Player.<init>(Player.java:20)
	at Chess.Player.<init>(Player.java:20)
	at Chess.Player.<init>(Player.java:20)
	at Chess.Player.<init>(Player.java:20)
	at Chess.Player.<init>(Player.java:20)
	at Chess.Player.<init>(Player.java:20)
	at Chess.Player.<init>(Player.java:20)
	at Chess.Player.<init>(Player.java:20)
	at Chess.Player.<init>(Player.java:20)
	at Chess.Player.<init>(Player.java:20)
	at Chess.Player.<init>(Player.java:20)
	at Chess.Player.<init>(Player.java:20)
	at Chess.Player.<init>(Player.java:20)
	at Chess.Player.<init>(Player.java:20)
	at Chess.Player.<init>(Player.java:20)
	at Chess.Player.<init>(Player.java:20)
	at Chess.Player.<init>(Player.java:20)
	at Chess.Player.<init>(Player.java:20)
	at Chess.Player.<init>(Player.java:20)
	at Chess.Player.<init>(Player.java:20)
	at Chess.Player.<init>(Player.java:20)
	at Chess.Player.<init>(Player.java:20)
	at Chess.Player.<init>(Player.java:20)
	at Chess.Player.<init>(Player.java:20)
	at Chess.Player.<init>(Player.java:20)
	at Chess.Player.<init>(Player.java:20)
	at Chess.Player.<init>(Player.java:20)
	at Chess.Player.<init>(Player.java:20)
	at Chess.Player.<init>(Player.java:20)
	at Chess.Player.<init>(Player.java:20)
	at Chess.Player.<init>(Player.java:20)
	at Chess.Player.<init>(Player.java:20)
	at Chess.Player.<init>(Player.java:20)
	at Chess.Player.<init>(Player.java:20)
	at Chess.Player.<init>(Player.java:20)
	at Chess.Player.<init>(Player.java:20)
	at Chess.Player.<init>(Player.java:20)
	at Chess.Player.<init>(Player.java:20)
	at Chess.Player.<init>(Player.java:20)
	at Chess.Player.<init>(Player.java:20)
	at Chess.Player.<init>(Player.java:20)
	at Chess.Player.<init>(Player.java:20)
	at Chess.Player.<init>(Player.java:20)
	at Chess.Player.<init>(Player.java:20)
	at Chess.Player.<init>(Player.java:20)
	at Chess.Player.<init>(Player.java:20)
	at Chess.Player.<init>(Player.java:20)
	at Chess.Player.<init>(Player.java:20)
	at Chess.Player.<init>(Player.java:20)
	at Chess.Player.<init>(Player.java:20)
	at Chess.Player.<init>(Player.java:20)
	at Chess.Player.<init>(Player.java:20)
	at Chess.Player.<init>(Player.java:20)
	at Chess.Player.<init>(Player.java:20)
	at Chess.Player.<init>(Player.java:20)
	at Chess.Player.<init>(Player.java:20)
	at Chess.Player.<init>(Player.java:20)
	at Chess.Player.<init>(Player.java:20)
	at Chess.Player.<init>(Player.java:20)
	at Chess.Player.<init>(Player.java:20)
	at Chess.Player.<init>(Player.java:20)
	at Chess.Player.<init>(Player.java:20)
	at Chess.Player.<init>(Player.java:20)
	at Chess.Player.<init>(Player.java:20)
	at Chess.Player.<init>(Player.java:20)
	at Chess.Player.<init>(Player.java:20)
	at Chess.Player.<init>(Player.java:20)
	at Chess.Player.<init>(Player.java:20)
	at Chess.Player.<init>(Player.java:20)

Chess.ChessTest.testBasic -- Time elapsed: 0.023 s <<< ERROR!
java.lang.StackOverflowError
	at java.base/java.util.Formatter.parse(Formatter.java:2839)
	at java.base/java.util.Formatter.format(Formatter.java:2774)
	at java.base/java.util.Formatter.format(Formatter.java:2728)
	at java.base/java.lang.String.format(String.java:4386)
	at Chess.Player.setupPieces(Player.java:53)
	at Chess.Player.<init>(Player.java:18)
	at Chess.Player.<init>(Player.java:20)
	at Chess.Player.<init>(Player.java:20)
	at Chess.Player.<init>(Player.java:20)
	at Chess.Player.<init>(Player.java:20)
	at Chess.Player.<init>(Player.java:20)
	at Chess.Player.<init>(Player.java:20)
	at Chess.Player.<init>(Player.java:20)
	at Chess.Player.<init>(Player.java:20)
	at Chess.Player.<init>(Player.java:20)
	at Chess.Player.<init>(Player.java:20)
	at Chess.Player.<init>(Player.java:20)
	at Chess.Player.<init>(Player.java:20)
	at Chess.Player.<init>(Player.java:20)
	at Chess.Player.<init>(Player.java:20)
	at Chess.Player.<init>(Player.java:20)
	at Chess.Player.<init>(Player.java:20)
	at Chess.Player.<init>(Player.java:20)
	at Chess.Player.<init>(Player.java:20)
	at Chess.Player.<init>(Player.java:20)
	at Chess.Player.<init>(Player.java:20)
	at Chess.Player.<init>(Player.java:20)
	at Chess.Player.<init>(Player.java:20)
	at Chess.Player.<init>(Player.java:20)
	at Chess.Player.<init>(Player.java:20)
	at Chess.Player.<init>(Player.java:20)
	at Chess.Player.<init>(Player.java:20)
	at Chess.Player.<init>(Player.java:20)
	at Chess.Player.<init>(Player.java:20)
	at Chess.Player.<init>(Player.java:20)
	at Chess.Player.<init>(Player.java:20)
	at Chess.Player.<init>(Player.java:20)
	at Chess.Player.<init>(Player.java:20)
	at Chess.Player.<init>(Player.java:20)
	at Chess.Player.<init>(Player.java:20)
	at Chess.Player.<init>(Player.java:20)
	at Chess.Player.<init>(Player.java:20)
	at Chess.Player.<init>(Player.java:20)
	at Chess.Player.<init>(Player.java:20)
	at Chess.Player.<init>(Player.java:20)
	at Chess.Player.<init>(Player.java:20)
	at Chess.Player.<init>(Player.java:20)
	at Chess.Player.<init>(Player.java:20)
	at Chess.Player.<init>(Player.java:20)
	at Chess.Player.<init>(Player.java:20)
	at Chess.Player.<init>(Player.java:20)
	at Chess.Player.<init>(Player.java:20)
	at Chess.Player.<init>(Player.java:20)
	at Chess.Player.<init>(Player.java:20)
	at Chess.Player.<init>(Player.java:20)
	at Chess.Player.<init>(Player.java:20)
	at Chess.Player.<init>(Player.java:20)
	at Chess.Player.<init>(Player.java:20)
	at Chess.Player.<init>(Player.java:20)
	at Chess.Player.<init>(Player.java:20)
	at Chess.Player.<init>(Player.java:20)
	at Chess.Player.<init>(Player.java:20)
	at Chess.Player.<init>(Player.java:20)
	at Chess.Player.<init>(Player.java:20)
	at Chess.Player.<init>(Player.java:20)
	at Chess.Player.<init>(Player.java:20)
	at Chess.Player.<init>(Player.java:20)
	at Chess.Player.<init>(Player.java:20)
	at Chess.Player.<init>(Player.java:20)
	at Chess.Player.<init>(Player.java:20)
	at Chess.Player.<init>(Player.java:20)
	at Chess.Player.<init>(Player.java:20)
	at Chess.Player.<init>(Player.java:20)
	at Chess.Player.<init>(Player.java:20)
	at Chess.Player.<init>(Player.java:20)
	at Chess.Player.<init>(Player.java:20)
	at Chess.Player.<init>(Player.java:20)
	at Chess.Player.<init>(Player.java:20)
	at Chess.Player.<init>(Player.java:20)
	at Chess.Player.<init>(Player.java:20)
	at Chess.Player.<init>(Player.java:20)
	at Chess.Player.<init>(Player.java:20)
	at Chess.Player.<init>(Player.java:20)
	at Chess.Player.<init>(Player.java:20)
	at Chess.Player.<init>(Player.java:20)
	at Chess.Player.<init>(Player.java:20)
	at Chess.Player.<init>(Player.java:20)
	at Chess.Player.<init>(Player.java:20)
	at Chess.Player.<init>(Player.java:20)
	at Chess.Player.<init>(Player.java:20)
	at Chess.Player.<init>(Player.java:20)
	at Chess.Player.<init>(Player.java:20)
	at Chess.Player.<init>(Player.java:20)
	at Chess.Player.<init>(Player.java:20)
	at Chess.Player.<init>(Player.java:20)
	at Chess.Player.<init>(Player.java:20)
	at Chess.Player.<init>(Player.java:20)
	at Chess.Player.<init>(Player.java:20)
	at Chess.Player.<init>(Player.java:20)
	at Chess.Player.<init>(Player.java:20)
	at Chess.Player.<init>(Player.java:20)
	at Chess.Player.<init>(Player.java:20)
	at Chess.Player.<init>(Player.java:20)
	at Chess.Player.<init>(Player.java:20)
	at Chess.Player.<init>(Player.java:20)
	at Chess.Player.<init>(Player.java:20)
	at Chess.Player.<init>(Player.java:20)
	at Chess.Player.<init>(Player.java:20)
	at Chess.Player.<init>(Player.java:20)
	at Chess.Player.<init>(Player.java:20)
	at Chess.Player.<init>(Player.java:20)
	at Chess.Player.<init>(Player.java:20)
	at Chess.Player.<init>(Player.java:20)
	at Chess.Player.<init>(Player.java:20)
	at Chess.Player.<init>(Player.java:20)
	at Chess.Player.<init>(Player.java:20)
	at Chess.Player.<init>(Player.java:20)
	at Chess.Player.<init>(Player.java:20)
	at Chess.Player.<init>(Player.java:20)
	at Chess.Player.<init>(Player.java:20)
	at Chess.Player.<init>(Player.java:20)
	at Chess.Player.<init>(Player.java:20)
	at Chess.Player.<init>(Player.java:20)
	at Chess.Player.<init>(Player.java:20)
	at Chess.Player.<init>(Player.java:20)
	at Chess.Player.<init>(Player.java:20)
	at Chess.Player.<init>(Player.java:20)
	at Chess.Player.<init>(Player.java:20)
	at Chess.Player.<init>(Player.java:20)
	at Chess.Player.<init>(Player.java:20)
	at Chess.Player.<init>(Player.java:20)
	at Chess.Player.<init>(Player.java:20)
	at Chess.Player.<init>(Player.java:20)
	at Chess.Player.<init>(Player.java:20)
	at Chess.Player.<init>(Player.java:20)
	at Chess.Player.<init>(Player.java:20)
	at Chess.Player.<init>(Player.java:20)
	at Chess.Player.<init>(Player.java:20)
	at Chess.Player.<init>(Player.java:20)
	at Chess.Player.<init>(Player.java:20)
	at Chess.Player.<init>(Player.java:20)
	at Chess.Player.<init>(Player.java:20)
	at Chess.Player.<init>(Player.java:20)
	at Chess.Player.<init>(Player.java:20)
	at Chess.Player.<init>(Player.java:20)
	at Chess.Player.<init>(Player.java:20)
	at Chess.Player.<init>(Player.java:20)
	at Chess.Player.<init>(Player.java:20)
	at Chess.Player.<init>(Player.java:20)
	at Chess.Player.<init>(Player.java:20)
	at Chess.Player.<init>(Player.java:20)
	at Chess.Player.<init>(Player.java:20)
	at Chess.Player.<init>(Player.java:20)
	at Chess.Player.<init>(Player.java:20)
	at Chess.Player.<init>(Player.java:20)
	at Chess.Player.<init>(Player.java:20)
	at Chess.Player.<init>(Player.java:20)
	at Chess.Player.<init>(Player.java:20)
	at Chess.Player.<init>(Player.java:20)
	at Chess.Player.<init>(Player.java:20)
	at Chess.Player.<init>(Player.java:20)
	at Chess.Player.<init>(Player.java:20)
	at Chess.Player.<init>(Player.java:20)
	at Chess.Player.<init>(Player.java:20)
	at Chess.Player.<init>(Player.java:20)
	at Chess.Player.<init>(Player.java:20)
	at Chess.Player.<init>(Player.java:20)
	at Chess.Player.<init>(Player.java:20)
	at Chess.Player.<init>(Player.java:20)
	at Chess.Player.<init>(Player.java:20)
	at Chess.Player.<init>(Player.java:20)
	at Chess.Player.<init>(Player.java:20)
	at Chess.Player.<init>(Player.java:20)
	at Chess.Player.<init>(Player.java:20)
	at Chess.Player.<init>(Player.java:20)
	at Chess.Player.<init>(Player.java:20)
	at Chess.Player.<init>(Player.java:20)
	at Chess.Player.<init>(Player.java:20)
	at Chess.Player.<init>(Player.java:20)
	at Chess.Player.<init>(Player.java:20)
	at Chess.Player.<init>(Player.java:20)
	at Chess.Player.<init>(Player.java:20)
	at Chess.Player.<init>(Player.java:20)
	at Chess.Player.<init>(Player.java:20)
	at Chess.Player.<init>(Player.java:20)
	at Chess.Player.<init>(Player.java:20)
	at Chess.Player.<init>(Player.java:20)
	at Chess.Player.<init>(Player.java:20)
	at Chess.Player.<init>(Player.java:20)
	at Chess.Player.<init>(Player.java:20)
	at Chess.Player.<init>(Player.java:20)
	at Chess.Player.<init>(Player.java:20)
	at Chess.Player.<init>(Player.java:20)
	at Chess.Player.<init>(Player.java:20)
	at Chess.Player.<init>(Player.java:20)
	at Chess.Player.<init>(Player.java:20)
	at Chess.Player.<init>(Player.java:20)
	at Chess.Player.<init>(Player.java:20)
	at Chess.Player.<init>(Player.java:20)
	at Chess.Player.<init>(Player.java:20)
	at Chess.Player.<init>(Player.java:20)
	at Chess.Player.<init>(Player.java:20)
	at Chess.Player.<init>(Player.java:20)
	at Chess.Player.<init>(Player.java:20)
	at Chess.Player.<init>(Player.java:20)
	at Chess.Player.<init>(Player.java:20)
	at Chess.Player.<init>(Player.java:20)
	at Chess.Player.<init>(Player.java:20)
	at Chess.Player.<init>(Player.java:20)
	at Chess.Player.<init>(Player.java:20)
	at Chess.Player.<init>(Player.java:20)
	at Chess.Player.<init>(Player.java:20)
	at Chess.Player.<init>(Player.java:20)
	at Chess.Player.<init>(Player.java:20)
	at Chess.Player.<init>(Player.java:20)
	at Chess.Player.<init>(Player.java:20)
	at Chess.Player.<init>(Player.java:20)
	at Chess.Player.<init>(Player.java:20)
	at Chess.Player.<init>(Player.java:20)
	at Chess.Player.<init>(Player.java:20)
	at Chess.Player.<init>(Player.java:20)
	at Chess.Player.<init>(Player.java:20)
	at Chess.Player.<init>(Player.java:20)
	at Chess.Player.<init>(Player.java:20)
	at Chess.Player.<init>(Player.java:20)
	at Chess.Player.<init>(Player.java:20)
	at Chess.Player.<init>(Player.java:20)
	at Chess.Player.<init>(Player.java:20)
	at Chess.Player.<init>(Player.java:20)
	at Chess.Player.<init>(Player.java:20)
	at Chess.Player.<init>(Player.java:20)
	at Chess.Player.<init>(Player.java:20)
	at Chess.Player.<init>(Player.java:20)
	at Chess.Player.<init>(Player.java:20)
	at Chess.Player.<init>(Player.java:20)
	at Chess.Player.<init>(Player.java:20)
	at Chess.Player.<init>(Player.java:20)
	at Chess.Player.<init>(Player.java:20)
	at Chess.Player.<init>(Player.java:20)
	at Chess.Player.<init>(Player.java:20)
	at Chess.Player.<init>(Player.java:20)
	at Chess.Player.<init>(Player.java:20)
	at Chess.Player.<init>(Player.java:20)
	at Chess.Player.<init>(Player.java:20)
	at Chess.Player.<init>(Player.java:20)
	at Chess.Player.<init>(Player.java:20)
	at Chess.Player.<init>(Player.java:20)
	at Chess.Player.<init>(Player.java:20)
	at Chess.Player.<init>(Player.java:20)
	at Chess.Player.<init>(Player.java:20)
	at Chess.Player.<init>(Player.java:20)
	at Chess.Player.<init>(Player.java:20)
	at Chess.Player.<init>(Player.java:20)
	at Chess.Player.<init>(Player.java:20)
	at Chess.Player.<init>(Player.java:20)
	at Chess.Player.<init>(Player.java:20)
	at Chess.Player.<init>(Player.java:20)
	at Chess.Player.<init>(Player.java:20)
	at Chess.Player.<init>(Player.java:20)
	at Chess.Player.<init>(Player.java:20)
	at Chess.Player.<init>(Player.java:20)
	at Chess.Player.<init>(Player.java:20)
	at Chess.Player.<init>(Player.java:20)
	at Chess.Player.<init>(Player.java:20)
	at Chess.Player.<init>(Player.java:20)
	at Chess.Player.<init>(Player.java:20)
	at Chess.Player.<init>(Player.java:20)
	at Chess.Player.<init>(Player.java:20)
	at Chess.Player.<init>(Player.java:20)
	at Chess.Player.<init>(Player.java:20)
	at Chess.Player.<init>(Player.java:20)
	at Chess.Player.<init>(Player.java:20)
	at Chess.Player.<init>(Player.java:20)
	at Chess.Player.<init>(Player.java:20)
	at Chess.Player.<init>(Player.java:20)
	at Chess.Player.<init>(Player.java:20)
	at Chess.Player.<init>(Player.java:20)
	at Chess.Player.<init>(Player.java:20)
	at Chess.Player.<init>(Player.java:20)
	at Chess.Player.<init>(Player.java:20)
	at Chess.Player.<init>(Player.java:20)
	at Chess.Player.<init>(Player.java:20)
	at Chess.Player.<init>(Player.java:20)
	at Chess.Player.<init>(Player.java:20)
	at Chess.Player.<init>(Player.java:20)
	at Chess.Player.<init>(Player.java:20)
	at Chess.Player.<init>(Player.java:20)
	at Chess.Player.<init>(Player.java:20)
	at Chess.Player.<init>(Player.java:20)
	at Chess.Player.<init>(Player.java:20)
	at Chess.Player.<init>(Player.java:20)
	at Chess.Player.<init>(Player.java:20)
	at Chess.Player.<init>(Player.java:20)
	at Chess.Player.<init>(Player.java:20)
	at Chess.Player.<init>(Player.java:20)
	at Chess.Player.<init>(Player.java:20)
	at Chess.Player.<init>(Player.java:20)
	at Chess.Player.<init>(Player.java:20)
	at Chess.Player.<init>(Player.java:20)
	at Chess.Player.<init>(Player.java:20)
	at Chess.Player.<init>(Player.java:20)
	at Chess.Player.<init>(Player.java:20)
	at Chess.Player.<init>(Player.java:20)
	at Chess.Player.<init>(Player.java:20)
	at Chess.Player.<init>(Player.java:20)
	at Chess.Player.<init>(Player.java:20)
	at Chess.Player.<init>(Player.java:20)
	at Chess.Player.<init>(Player.java:20)
	at Chess.Player.<init>(Player.java:20)
	at Chess.Player.<init>(Player.java:20)
	at Chess.Player.<init>(Player.java:20)
	at Chess.Player.<init>(Player.java:20)
	at Chess.Player.<init>(Player.java:20)
	at Chess.Player.<init>(Player.java:20)
	at Chess.Player.<init>(Player.java:20)
	at Chess.Player.<init>(Player.java:20)
	at Chess.Player.<init>(Player.java:20)
	at Chess.Player.<init>(Player.java:20)
	at Chess.Player.<init>(Player.java:20)
	at Chess.Player.<init>(Player.java:20)
	at Chess.Player.<init>(Player.java:20)
	at Chess.Player.<init>(Player.java:20)
	at Chess.Player.<init>(Player.java:20)
	at Chess.Player.<init>(Player.java:20)
	at Chess.Player.<init>(Player.java:20)
	at Chess.Player.<init>(Player.java:20)
	at Chess.Player.<init>(Player.java:20)
	at Chess.Player.<init>(Player.java:20)
	at Chess.Player.<init>(Player.java:20)
	at Chess.Player.<init>(Player.java:20)
	at Chess.Player.<init>(Player.java:20)
	at Chess.Player.<init>(Player.java:20)
	at Chess.Player.<init>(Player.java:20)
	at Chess.Player.<init>(Player.java:20)
	at Chess.Player.<init>(Player.java:20)
	at Chess.Player.<init>(Player.java:20)
	at Chess.Player.<init>(Player.java:20)
	at Chess.Player.<init>(Player.java:20)
	at Chess.Player.<init>(Player.java:20)
	at Chess.Player.<init>(Player.java:20)
	at Chess.Player.<init>(Player.java:20)
	at Chess.Player.<init>(Player.java:20)
	at Chess.Player.<init>(Player.java:20)
	at Chess.Player.<init>(Player.java:20)
	at Chess.Player.<init>(Player.java:20)
	at Chess.Player.<init>(Player.java:20)
	at Chess.Player.<init>(Player.java:20)
	at Chess.Player.<init>(Player.java:20)
	at Chess.Player.<init>(Player.java:20)
	at Chess.Player.<init>(Player.java:20)
	at Chess.Player.<init>(Player.java:20)
	at Chess.Player.<init>(Player.java:20)
	at Chess.Player.<init>(Player.java:20)
	at Chess.Player.<init>(Player.java:20)
	at Chess.Player.<init>(Player.java:20)
	at Chess.Player.<init>(Player.java:20)
	at Chess.Player.<init>(Player.java:20)
	at Chess.Player.<init>(Player.java:20)
	at Chess.Player.<init>(Player.java:20)
	at Chess.Player.<init>(Player.java:20)
	at Chess.Player.<init>(Player.java:20)
	at Chess.Player.<init>(Player.java:20)
	at Chess.Player.<init>(Player.java:20)
	at Chess.Player.<init>(Player.java:20)
	at Chess.Player.<init>(Player.java:20)
	at Chess.Player.<init>(Player.java:20)
	at Chess.Player.<init>(Player.java:20)
	at Chess.Player.<init>(Player.java:20)
	at Chess.Player.<init>(Player.java:20)
	at Chess.Player.<init>(Player.java:20)
	at Chess.Player.<init>(Player.java:20)
	at Chess.Player.<init>(Player.java:20)
	at Chess.Player.<init>(Player.java:20)
	at Chess.Player.<init>(Player.java:20)
	at Chess.Player.<init>(Player.java:20)
	at Chess.Player.<init>(Player.java:20)
	at Chess.Player.<init>(Player.java:20)
	at Chess.Player.<init>(Player.java:20)
	at Chess.Player.<init>(Player.java:20)
	at Chess.Player.<init>(Player.java:20)
	at Chess.Player.<init>(Player.java:20)
	at Chess.Player.<init>(Player.java:20)
	at Chess.Player.<init>(Player.java:20)
	at Chess.Player.<init>(Player.java:20)
	at Chess.Player.<init>(Player.java:20)
	at Chess.Player.<init>(Player.java:20)
	at Chess.Player.<init>(Player.java:20)
	at Chess.Player.<init>(Player.java:20)
	at Chess.Player.<init>(Player.java:20)
	at Chess.Player.<init>(Player.java:20)
	at Chess.Player.<init>(Player.java:20)
	at Chess.Player.<init>(Player.java:20)
	at Chess.Player.<init>(Player.java:20)
	at Chess.Player.<init>(Player.java:20)
	at Chess.Player.<init>(Player.java:20)
	at Chess.Player.<init>(Player.java:20)
	at Chess.Player.<init>(Player.java:20)
	at Chess.Player.<init>(Player.java:20)
	at Chess.Player.<init>(Player.java:20)
	at Chess.Player.<init>(Player.java:20)
	at Chess.Player.<init>(Player.java:20)
	at Chess.Player.<init>(Player.java:20)
	at Chess.Player.<init>(Player.java:20)
	at Chess.Player.<init>(Player.java:20)
	at Chess.Player.<init>(Player.java:20)
	at Chess.Player.<init>(Player.java:20)
	at Chess.Player.<init>(Player.java:20)
	at Chess.Player.<init>(Player.java:20)
	at Chess.Player.<init>(Player.java:20)
	at Chess.Player.<init>(Player.java:20)
	at Chess.Player.<init>(Player.java:20)
	at Chess.Player.<init>(Player.java:20)
	at Chess.Player.<init>(Player.java:20)
	at Chess.Player.<init>(Player.java:20)
	at Chess.Player.<init>(Player.java:20)
	at Chess.Player.<init>(Player.java:20)
	at Chess.Player.<init>(Player.java:20)
	at Chess.Player.<init>(Player.java:20)
	at Chess.Player.<init>(Player.java:20)
	at Chess.Player.<init>(Player.java:20)
	at Chess.Player.<init>(Player.java:20)
	at Chess.Player.<init>(Player.java:20)
	at Chess.Player.<init>(Player.java:20)
	at Chess.Player.<init>(Player.java:20)
	at Chess.Player.<init>(Player.java:20)
	at Chess.Player.<init>(Player.java:20)
	at Chess.Player.<init>(Player.java:20)
	at Chess.Player.<init>(Player.java:20)
	at Chess.Player.<init>(Player.java:20)
	at Chess.Player.<init>(Player.java:20)
	at Chess.Player.<init>(Player.java:20)
	at Chess.Player.<init>(Player.java:20)
	at Chess.Player.<init>(Player.java:20)
	at Chess.Player.<init>(Player.java:20)
	at Chess.Player.<init>(Player.java:20)
	at Chess.Player.<init>(Player.java:20)
	at Chess.Player.<init>(Player.java:20)
	at Chess.Player.<init>(Player.java:20)
	at Chess.Player.<init>(Player.java:20)
	at Chess.Player.<init>(Player.java:20)
	at Chess.Player.<init>(Player.java:20)
	at Chess.Player.<init>(Player.java:20)
	at Chess.Player.<init>(Player.java:20)
	at Chess.Player.<init>(Player.java:20)
	at Chess.Player.<init>(Player.java:20)
	at Chess.Player.<init>(Player.java:20)
	at Chess.Player.<init>(Player.java:20)
	at Chess.Player.<init>(Player.java:20)
	at Chess.Player.<init>(Player.java:20)
	at Chess.Player.<init>(Player.java:20)
	at Chess.Player.<init>(Player.java:20)
	at Chess.Player.<init>(Player.java:20)
	at Chess.Player.<init>(Player.java:20)
	at Chess.Player.<init>(Player.java:20)
	at Chess.Player.<init>(Player.java:20)
	at Chess.Player.<init>(Player.java:20)
	at Chess.Player.<init>(Player.java:20)
	at Chess.Player.<init>(Player.java:20)
	at Chess.Player.<init>(Player.java:20)
	at Chess.Player.<init>(Player.java:20)
	at Chess.Player.<init>(Player.java:20)
	at Chess.Player.<init>(Player.java:20)
	at Chess.Player.<init>(Player.java:20)
	at Chess.Player.<init>(Player.java:20)
	at Chess.Player.<init>(Player.java:20)
	at Chess.Player.<init>(Player.java:20)
	at Chess.Player.<init>(Player.java:20)
	at Chess.Player.<init>(Player.java:20)
	at Chess.Player.<init>(Player.java:20)
	at Chess.Player.<init>(Player.java:20)
	at Chess.Player.<init>(Player.java:20)
	at Chess.Player.<init>(Player.java:20)
	at Chess.Player.<init>(Player.java:20)
	at Chess.Player.<init>(Player.java:20)
	at Chess.Player.<init>(Player.java:20)
	at Chess.Player.<init>(Player.java:20)
	at Chess.Player.<init>(Player.java:20)
	at Chess.Player.<init>(Player.java:20)
	at Chess.Player.<init>(Player.java:20)
	at Chess.Player.<init>(Player.java:20)
	at Chess.Player.<init>(Player.java:20)
	at Chess.Player.<init>(Player.java:20)
	at Chess.Player.<init>(Player.java:20)
	at Chess.Player.<init>(Player.java:20)
	at Chess.Player.<init>(Player.java:20)
	at Chess.Player.<init>(Player.java:20)
	at Chess.Player.<init>(Player.java:20)
	at Chess.Player.<init>(Player.java:20)
	at Chess.Player.<init>(Player.java:20)
	at Chess.Player.<init>(Player.java:20)
	at Chess.Player.<init>(Player.java:20)
	at Chess.Player.<init>(Player.java:20)
	at Chess.Player.<init>(Player.java:20)
	at Chess.Player.<init>(Player.java:20)
	at Chess.Player.<init>(Player.java:20)
	at Chess.Player.<init>(Player.java:20)
	at Chess.Player.<init>(Player.java:20)
	at Chess.Player.<init>(Player.java:20)
	at Chess.Player.<init>(Player.java:20)
	at Chess.Player.<init>(Player.java:20)
	at Chess.Player.<init>(Player.java:20)
	at Chess.Player.<init>(Player.java:20)
	at Chess.Player.<init>(Player.java:20)
	at Chess.Player.<init>(Player.java:20)
	at Chess.Player.<init>(Player.java:20)
	at Chess.Player.<init>(Player.java:20)
	at Chess.Player.<init>(Player.java:20)
	at Chess.Player.<init>(Player.java:20)
	at Chess.Player.<init>(Player.java:20)
	at Chess.Player.<init>(Player.java:20)
	at Chess.Player.<init>(Player.java:20)
	at Chess.Player.<init>(Player.java:20)
	at Chess.Player.<init>(Player.java:20)
	at Chess.Player.<init>(Player.java:20)
	at Chess.Player.<init>(Player.java:20)
	at Chess.Player.<init>(Player.java:20)
	at Chess.Player.<init>(Player.java:20)
	at Chess.Player.<init>(Player.java:20)
	at Chess.Player.<init>(Player.java:20)
	at Chess.Player.<init>(Player.java:20)
	at Chess.Player.<init>(Player.java:20)
	at Chess.Player.<init>(Player.java:20)
	at Chess.Player.<init>(Player.java:20)
	at Chess.Player.<init>(Player.java:20)
	at Chess.Player.<init>(Player.java:20)
	at Chess.Player.<init>(Player.java:20)
	at Chess.Player.<init>(Player.java:20)
	at Chess.Player.<init>(Player.java:20)
	at Chess.Player.<init>(Player.java:20)
	at Chess.Player.<init>(Player.java:20)
	at Chess.Player.<init>(Player.java:20)
	at Chess.Player.<init>(Player.java:20)
	at Chess.Player.<init>(Player.java:20)
	at Chess.Player.<init>(Player.java:20)
	at Chess.Player.<init>(Player.java:20)
	at Chess.Player.<init>(Player.java:20)
	at Chess.Player.<init>(Player.java:20)
	at Chess.Player.<init>(Player.java:20)
	at Chess.Player.<init>(Player.java:20)
	at Chess.Player.<init>(Player.java:20)
	at Chess.Player.<init>(Player.java:20)
	at Chess.Player.<init>(Player.java:20)
	at Chess.Player.<init>(Player.java:20)
	at Chess.Player.<init>(Player.java:20)
	at Chess.Player.<init>(Player.java:20)
	at Chess.Player.<init>(Player.java:20)
	at Chess.Player.<init>(Player.java:20)
	at Chess.Player.<init>(Player.java:20)
	at Chess.Player.<init>(Player.java:20)
	at Chess.Player.<init>(Player.java:20)
	at Chess.Player.<init>(Player.java:20)
	at Chess.Player.<init>(Player.java:20)
	at Chess.Player.<init>(Player.java:20)
	at Chess.Player.<init>(Player.java:20)
	at Chess.Player.<init>(Player.java:20)
	at Chess.Player.<init>(Player.java:20)
	at Chess.Player.<init>(Player.java:20)
	at Chess.Player.<init>(Player.java:20)
	at Chess.Player.<init>(Player.java:20)
	at Chess.Player.<init>(Player.java:20)
	at Chess.Player.<init>(Player.java:20)
	at Chess.Player.<init>(Player.java:20)
	at Chess.Player.<init>(Player.java:20)
	at Chess.Player.<init>(Player.java:20)
	at Chess.Player.<init>(Player.java:20)
	at Chess.Player.<init>(Player.java:20)
	at Chess.Player.<init>(Player.java:20)
	at Chess.Player.<init>(Player.java:20)
	at Chess.Player.<init>(Player.java:20)
	at Chess.Player.<init>(Player.java:20)
	at Chess.Player.<init>(Player.java:20)
	at Chess.Player.<init>(Player.java:20)
	at Chess.Player.<init>(Player.java:20)
	at Chess.Player.<init>(Player.java:20)
	at Chess.Player.<init>(Player.java:20)
	at Chess.Player.<init>(Player.java:20)
	at Chess.Player.<init>(Player.java:20)
	at Chess.Player.<init>(Player.java:20)
	at Chess.Player.<init>(Player.java:20)
	at Chess.Player.<init>(Player.java:20)
	at Chess.Player.<init>(Player.java:20)
	at Chess.Player.<init>(Player.java:20)
	at Chess.Player.<init>(Player.java:20)
	at Chess.Player.<init>(Player.java:20)
	at Chess.Player.<init>(Player.java:20)
	at Chess.Player.<init>(Player.java:20)
	at Chess.Player.<init>(Player.java:20)
	at Chess.Player.<init>(Player.java:20)
	at Chess.Player.<init>(Player.java:20)
	at Chess.Player.<init>(Player.java:20)
	at Chess.Player.<init>(Player.java:20)
	at Chess.Player.<init>(Player.java:20)
	at Chess.Player.<init>(Player.java:20)
	at Chess.Player.<init>(Player.java:20)
	at Chess.Player.<init>(Player.java:20)
	at Chess.Player.<init>(Player.java:20)
	at Chess.Player.<init>(Player.java:20)
	at Chess.Player.<init>(Player.java:20)
	at Chess.Player.<init>(Player.java:20)
	at Chess.Player.<init>(Player.java:20)
	at Chess.Player.<init>(Player.java:20)
	at Chess.Player.<init>(Player.java:20)
	at Chess.Player.<init>(Player.java:20)
	at Chess.Player.<init>(Player.java:20)
	at Chess.Player.<init>(Player.java:20)
	at Chess.Player.<init>(Player.java:20)
	at Chess.Player.<init>(Player.java:20)
	at Chess.Player.<init>(Player.java:20)
	at Chess.Player.<init>(Player.java:20)
	at Chess.Player.<init>(Player.java:20)
	at Chess.Player.<init>(Player.java:20)
	at Chess.Player.<init>(Player.java:20)
	at Chess.Player.<init>(Player.java:20)
	at Chess.Player.<init>(Player.java:20)
	at Chess.Player.<init>(Player.java:20)
	at Chess.Player.<init>(Player.java:20)
	at Chess.Player.<init>(Player.java:20)
	at Chess.Player.<init>(Player.java:20)
	at Chess.Player.<init>(Player.java:20)
	at Chess.Player.<init>(Player.java:20)
	at Chess.Player.<init>(Player.java:20)
	at Chess.Player.<init>(Player.java:20)
	at Chess.Player.<init>(Player.java:20)
	at Chess.Player.<init>(Player.java:20)
	at Chess.Player.<init>(Player.java:20)
	at Chess.Player.<init>(Player.java:20)
	at Chess.Player.<init>(Player.java:20)
	at Chess.Player.<init>(Player.java:20)
	at Chess.Player.<init>(Player.java:20)
	at Chess.Player.<init>(Player.java:20)
	at Chess.Player.<init>(Player.java:20)
	at Chess.Player.<init>(Player.java:20)
	at Chess.Player.<init>(Player.java:20)
	at Chess.Player.<init>(Player.java:20)
	at Chess.Player.<init>(Player.java:20)
	at Chess.Player.<init>(Player.java:20)
	at Chess.Player.<init>(Player.java:20)
	at Chess.Player.<init>(Player.java:20)
	at Chess.Player.<init>(Player.java:20)
	at Chess.Player.<init>(Player.java:20)
	at Chess.Player.<init>(Player.java:20)
	at Chess.Player.<init>(Player.java:20)
	at Chess.Player.<init>(Player.java:20)
	at Chess.Player.<init>(Player.java:20)
	at Chess.Player.<init>(Player.java:20)
	at Chess.Player.<init>(Player.java:20)
	at Chess.Player.<init>(Player.java:20)
	at Chess.Player.<init>(Player.java:20)
	at Chess.Player.<init>(Player.java:20)
	at Chess.Player.<init>(Player.java:20)
	at Chess.Player.<init>(Player.java:20)
	at Chess.Player.<init>(Player.java:20)
	at Chess.Player.<init>(Player.java:20)
	at Chess.Player.<init>(Player.java:20)
	at Chess.Player.<init>(Player.java:20)
	at Chess.Player.<init>(Player.java:20)
	at Chess.Player.<init>(Player.java:20)
	at Chess.Player.<init>(Player.java:20)
	at Chess.Player.<init>(Player.java:20)
	at Chess.Player.<init>(Player.java:20)
	at Chess.Player.<init>(Player.java:20)
	at Chess.Player.<init>(Player.java:20)
	at Chess.Player.<init>(Player.java:20)
	at Chess.Player.<init>(Player.java:20)
	at Chess.Player.<init>(Player.java:20)
	at Chess.Player.<init>(Player.java:20)
	at Chess.Player.<init>(Player.java:20)
	at Chess.Player.<init>(Player.java:20)
	at Chess.Player.<init>(Player.java:20)
	at Chess.Player.<init>(Player.java:20)
	at Chess.Player.<init>(Player.java:20)
	at Chess.Player.<init>(Player.java:20)
	at Chess.Player.<init>(Player.java:20)
	at Chess.Player.<init>(Player.java:20)
	at Chess.Player.<init>(Player.java:20)
	at Chess.Player.<init>(Player.java:20)
	at Chess.Player.<init>(Player.java:20)
	at Chess.Player.<init>(Player.java:20)
	at Chess.Player.<init>(Player.java:20)
	at Chess.Player.<init>(Player.java:20)
	at Chess.Player.<init>(Player.java:20)
	at Chess.Player.<init>(Player.java:20)
	at Chess.Player.<init>(Player.java:20)
	at Chess.Player.<init>(Player.java:20)
	at Chess.Player.<init>(Player.java:20)
	at Chess.Player.<init>(Player.java:20)
	at Chess.Player.<init>(Player.java:20)
	at Chess.Player.<init>(Player.java:20)
	at Chess.Player.<init>(Player.java:20)
	at Chess.Player.<init>(Player.java:20)
	at Chess.Player.<init>(Player.java:20)
	at Chess.Player.<init>(Player.java:20)
	at Chess.Player.<init>(Player.java:20)
	at Chess.Player.<init>(Player.java:20)
	at Chess.Player.<init>(Player.java:20)
	at Chess.Player.<init>(Player.java:20)
	at Chess.Player.<init>(Player.java:20)
	at Chess.Player.<init>(Player.java:20)
	at Chess.Player.<init>(Player.java:20)
	at Chess.Player.<init>(Player.java:20)
	at Chess.Player.<init>(Player.java:20)
	at Chess.Player.<init>(Player.java:20)
	at Chess.Player.<init>(Player.java:20)
	at Chess.Player.<init>(Player.java:20)
	at Chess.Player.<init>(Player.java:20)
	at Chess.Player.<init>(Player.java:20)
	at Chess.Player.<init>(Player.java:20)
	at Chess.Player.<init>(Player.java:20)
	at Chess.Player.<init>(Player.java:20)
	at Chess.Player.<init>(Player.java:20)
	at Chess.Player.<init>(Player.java:20)
	at Chess.Player.<init>(Player.java:20)
	at Chess.Player.<init>(Player.java:20)
	at Chess.Player.<init>(Player.java:20)
	at Chess.Player.<init>(Player.java:20)
	at Chess.Player.<init>(Player.java:20)
	at Chess.Player.<init>(Player.java:20)
	at Chess.Player.<init>(Player.java:20)
	at Chess.Player.<init>(Player.java:20)
	at Chess.Player.<init>(Player.java:20)
	at Chess.Player.<init>(Player.java:20)
	at Chess.Player.<init>(Player.java:20)
	at Chess.Player.<init>(Player.java:20)
	at Chess.Player.<init>(Player.java:20)
	at Chess.Player.<init>(Player.java:20)
	at Chess.Player.<init>(Player.java:20)
	at Chess.Player.<init>(Player.java:20)
	at Chess.Player.<init>(Player.java:20)
	at Chess.Player.<init>(Player.java:20)
	at Chess.Player.<init>(Player.java:20)
	at Chess.Player.<init>(Player.java:20)
	at Chess.Player.<init>(Player.java:20)
	at Chess.Player.<init>(Player.java:20)
	at Chess.Player.<init>(Player.java:20)
	at Chess.Player.<init>(Player.java:20)
	at Chess.Player.<init>(Player.java:20)
	at Chess.Player.<init>(Player.java:20)
	at Chess.Player.<init>(Player.java:20)
	at Chess.Player.<init>(Player.java:20)
	at Chess.Player.<init>(Player.java:20)
	at Chess.Player.<init>(Player.java:20)
	at Chess.Player.<init>(Player.java:20)
	at Chess.Player.<init>(Player.java:20)
	at Chess.Player.<init>(Player.java:20)
	at Chess.Player.<init>(Player.java:20)
	at Chess.Player.<init>(Player.java:20)
	at Chess.Player.<init>(Player.java:20)
	at Chess.Player.<init>(Player.java:20)
	at Chess.Player.<init>(Player.java:20)
	at Chess.Player.<init>(Player.java:20)
	at Chess.Player.<init>(Player.java:20)
	at Chess.Player.<init>(Player.java:20)
	at Chess.Player.<init>(Player.java:20)
	at Chess.Player.<init>(Player.java:20)
	at Chess.Player.<init>(Player.java:20)
	at Chess.Player.<init>(Player.java:20)
	at Chess.Player.<init>(Player.java:20)
	at Chess.Player.<init>(Player.java:20)
	at Chess.Player.<init>(Player.java:20)
	at Chess.Player.<init>(Player.java:20)
	at Chess.Player.<init>(Player.java:20)
	at Chess.Player.<init>(Player.java:20)
	at Chess.Player.<init>(Player.java:20)
	at Chess.Player.<init>(Player.java:20)
	at Chess.Player.<init>(Player.java:20)
	at Chess.Player.<init>(Player.java:20)
	at Chess.Player.<init>(Player.java:20)
	at Chess.Player.<init>(Player.java:20)
	at Chess.Player.<init>(Player.java:20)
	at Chess.Player.<init>(Player.java:20)
	at Chess.Player.<init>(Player.java:20)
	at Chess.Player.<init>(Player.java:20)
	at Chess.Player.<init>(Player.java:20)
	at Chess.Player.<init>(Player.java:20)
	at Chess.Player.<init>(Player.java:20)
	at Chess.Player.<init>(Player.java:20)
	at Chess.Player.<init>(Player.java:20)
	at Chess.Player.<init>(Player.java:20)
	at Chess.Player.<init>(Player.java:20)
	at Chess.Player.<init>(Player.java:20)
	at Chess.Player.<init>(Player.java:20)
	at Chess.Player.<init>(Player.java:20)
	at Chess.Player.<init>(Player.java:20)
	at Chess.Player.<init>(Player.java:20)
	at Chess.Player.<init>(Player.java:20)
	at Chess.Player.<init>(Player.java:20)
	at Chess.Player.<init>(Player.java:20)
	at Chess.Player.<init>(Player.java:20)
	at Chess.Player.<init>(Player.java:20)
	at Chess.Player.<init>(Player.java:20)
	at Chess.Player.<init>(Player.java:20)
	at Chess.Player.<init>(Player.java:20)
	at Chess.Player.<init>(Player.java:20)
	at Chess.Player.<init>(Player.java:20)
	at Chess.Player.<init>(Player.java:20)
	at Chess.Player.<init>(Player.java:20)
	at Chess.Player.<init>(Player.java:20)
	at Chess.Player.<init>(Player.java:20)
	at Chess.Player.<init>(Player.java:20)
	at Chess.Player.<init>(Player.java:20)
	at Chess.Player.<init>(Player.java:20)
	at Chess.Player.<init>(Player.java:20)
	at Chess.Player.<init>(Player.java:20)
	at Chess.Player.<init>(Player.java:20)
	at Chess.Player.<init>(Player.java:20)
	at Chess.Player.<init>(Player.java:20)
	at Chess.Player.<init>(Player.java:20)
	at Chess.Player.<init>(Player.java:20)
	at Chess.Player.<init>(Player.java:20)
	at Chess.Player.<init>(Player.java:20)
	at Chess.Player.<init>(Player.java:20)
	at Chess.Player.<init>(Player.java:20)
	at Chess.Player.<init>(Player.java:20)
	at Chess.Player.<init>(Player.java:20)
	at Chess.Player.<init>(Player.java:20)
	at Chess.Player.<init>(Player.java:20)
	at Chess.Player.<init>(Player.java:20)
	at Chess.Player.<init>(Player.java:20)
	at Chess.Player.<init>(Player.java:20)
	at Chess.Player.<init>(Player.java:20)
	at Chess.Player.<init>(Player.java:20)
	at Chess.Player.<init>(Player.java:20)
	at Chess.Player.<init>(Player.java:20)
	at Chess.Player.<init>(Player.java:20)
	at Chess.Player.<init>(Player.java:20)
	at Chess.Player.<init>(Player.java:20)
	at Chess.Player.<init>(Player.java:20)
	at Chess.Player.<init>(Player.java:20)
	at Chess.Player.<init>(Player.java:20)
	at Chess.Player.<init>(Player.java:20)
	at Chess.Player.<init>(Player.java:20)
	at Chess.Player.<init>(Player.java:20)
	at Chess.Player.<init>(Player.java:20)
	at Chess.Player.<init>(Player.java:20)
	at Chess.Player.<init>(Player.java:20)
	at Chess.Player.<init>(Player.java:20)
	at Chess.Player.<init>(Player.java:20)
	at Chess.Player.<init>(Player.java:20)
	at Chess.Player.<init>(Player.java:20)
	at Chess.Player.<init>(Player.java:20)
	at Chess.Player.<init>(Player.java:20)
	at Chess.Player.<init>(Player.java:20)
	at Chess.Player.<init>(Player.java:20)
	at Chess.Player.<init>(Player.java:20)
	at Chess.Player.<init>(Player.java:20)
	at Chess.Player.<init>(Player.java:20)
	at Chess.Player.<init>(Player.java:20)
	at Chess.Player.<init>(Player.java:20)
	at Chess.Player.<init>(Player.java:20)
	at Chess.Player.<init>(Player.java:20)
	at Chess.Player.<init>(Player.java:20)
	at Chess.Player.<init>(Player.java:20)
	at Chess.Player.<init>(Player.java:20)
	at Chess.Player.<init>(Player.java:20)
	at Chess.Player.<init>(Player.java:20)
	at Chess.Player.<init>(Player.java:20)
	at Chess.Player.<init>(Player.java:20)
	at Chess.Player.<init>(Player.java:20)
	at Chess.Player.<init>(Player.java:20)
	at Chess.Player.<init>(Player.java:20)
	at Chess.Player.<init>(Player.java:20)
	at Chess.Player.<init>(Player.java:20)
	at Chess.Player.<init>(Player.java:20)
	at Chess.Player.<init>(Player.java:20)
	at Chess.Player.<init>(Player.java:20)
	at Chess.Player.<init>(Player.java:20)
	at Chess.Player.<init>(Player.java:20)
	at Chess.Player.<init>(Player.java:20)
	at Chess.Player.<init>(Player.java:20)
	at Chess.Player.<init>(Player.java:20)
	at Chess.Player.<init>(Player.java:20)
	at Chess.Player.<init>(Player.java:20)
	at Chess.Player.<init>(Player.java:20)
	at Chess.Player.<init>(Player.java:20)
	at Chess.Player.<init>(Player.java:20)
	at Chess.Player.<init>(Player.java:20)
	at Chess.Player.<init>(Player.java:20)
	at Chess.Player.<init>(Player.java:20)
	at Chess.Player.<init>(Player.java:20)
	at Chess.Player.<init>(Player.java:20)
	at Chess.Player.<init>(Player.java:20)
	at Chess.Player.<init>(Player.java:20)
	at Chess.Player.<init>(Player.java:20)
	at Chess.Player.<init>(Player.java:20)
	at Chess.Player.<init>(Player.java:20)
	at Chess.Player.<init>(Player.java:20)
	at Chess.Player.<init>(Player.java:20)
	at Chess.Player.<init>(Player.java:20)
	at Chess.Player.<init>(Player.java:20)
	at Chess.Player.<init>(Player.java:20)
	at Chess.Player.<init>(Player.java:20)
	at Chess.Player.<init>(Player.java:20)
	at Chess.Player.<init>(Player.java:20)
	at Chess.Player.<init>(Player.java:20)
	at Chess.Player.<init>(Player.java:20)
	at Chess.Player.<init>(Player.java:20)
	at Chess.Player.<init>(Player.java:20)
	at Chess.Player.<init>(Player.java:20)
	at Chess.Player.<init>(Player.java:20)
	at Chess.Player.<init>(Player.java:20)
	at Chess.Player.<init>(Player.java:20)
	at Chess.Player.<init>(Player.java:20)
	at Chess.Player.<init>(Player.java:20)
	at Chess.Player.<init>(Player.java:20)
	at Chess.Player.<init>(Player.java:20)
	at Chess.Player.<init>(Player.java:20)
	at Chess.Player.<init>(Player.java:20)
	at Chess.Player.<init>(Player.java:20)
	at Chess.Player.<init>(Player.java:20)
	at Chess.Player.<init>(Player.java:20)
	at Chess.Player.<init>(Player.java:20)
	at Chess.Player.<init>(Player.java:20)
	at Chess.Player.<init>(Player.java:20)
	at Chess.Player.<init>(Player.java:20)
	at Chess.Player.<init>(Player.java:20)
	at Chess.Player.<init>(Player.java:20)
	at Chess.Player.<init>(Player.java:20)
	at Chess.Player.<init>(Player.java:20)
	at Chess.Player.<init>(Player.java:20)
	at Chess.Player.<init>(Player.java:20)
	at Chess.Player.<init>(Player.java:20)
	at Chess.Player.<init>(Player.java:20)
	at Chess.Player.<init>(Player.java:20)
	at Chess.Player.<init>(Player.java:20)
	at Chess.Player.<init>(Player.java:20)
	at Chess.Player.<init>(Player.java:20)
	at Chess.Player.<init>(Player.java:20)
	at Chess.Player.<init>(Player.java:20)
	at Chess.Player.<init>(Player.java:20)
	at Chess.Player.<init>(Player.java:20)
	at Chess.Player.<init>(Player.java:20)
	at Chess.Player.<init>(Player.java:20)
	at Chess.Player.<init>(Player.java:20)
	at Chess.Player.<init>(Player.java:20)
	at Chess.Player.<init>(Player.java:20)
	at Chess.Player.<init>(Player.java:20)
	at Chess.Player.<init>(Player.java:20)
	at Chess.Player.<init>(Player.java:20)
	at Chess.Player.<init>(Player.java:20)
	at Chess.Player.<init>(Player.java:20)
	at Chess.Player.<init>(Player.java:20)
	at Chess.Player.<init>(Player.java:20)
	at Chess.Player.<init>(Player.java:20)
	at Chess.Player.<init>(Player.java:20)
	at Chess.Player.<init>(Player.java:20)
	at Chess.Player.<init>(Player.java:20)
	at Chess.Player.<init>(Player.java:20)
	at Chess.Player.<init>(Player.java:20)
	at Chess.Player.<init>(Player.java:20)
	at Chess.Player.<init>(Player.java:20)
	at Chess.Player.<init>(Player.java:20)
	at Chess.Player.<init>(Player.java:20)
	at Chess.Player.<init>(Player.java:20)
	at Chess.Player.<init>(Player.java:20)
	at Chess.Player.<init>(Player.java:20)
	at Chess.Player.<init>(Player.java:20)
	at Chess.Player.<init>(Player.java:20)
	at Chess.Player.<init>(Player.java:20)
	at Chess.Player.<init>(Player.java:20)
	at Chess.Player.<init>(Player.java:20)
	at Chess.Player.<init>(Player.java:20)
	at Chess.Player.<init>(Player.java:20)
	at Chess.Player.<init>(Player.java:20)
	at Chess.Player.<init>(Player.java:20)
	at Chess.Player.<init>(Player.java:20)
	at Chess.Player.<init>(Player.java:20)
	at Chess.Player.<init>(Player.java:20)
	at Chess.Player.<init>(Player.java:20)
	at Chess.Player.<init>(Player.java:20)
	at Chess.Player.<init>(Player.java:20)
	at Chess.Player.<init>(Player.java:20)
	at Chess.Player.<init>(Player.java:20)
	at Chess.Player.<init>(Player.java:20)
	at Chess.Player.<init>(Player.java:20)
	at Chess.Player.<init>(Player.java:20)
	at Chess.Player.<init>(Player.java:20)
	at Chess.Player.<init>(Player.java:20)
	at Chess.Player.<init>(Player.java:20)
	at Chess.Player.<init>(Player.java:20)
	at Chess.Player.<init>(Player.java:20)
	at Chess.Player.<init>(Player.java:20)
	at Chess.Player.<init>(Player.java:20)
	at Chess.Player.<init>(Player.java:20)
	at Chess.Player.<init>(Player.java:20)
	at Chess.Player.<init>(Player.java:20)
	at Chess.Player.<init>(Player.java:20)
	at Chess.Player.<init>(Player.java:20)
	at Chess.Player.<init>(Player.java:20)
	at Chess.Player.<init>(Player.java:20)
	at Chess.Player.<init>(Player.java:20)
	at Chess.Player.<init>(Player.java:20)
	at Chess.Player.<init>(Player.java:20)
	at Chess.Player.<init>(Player.java:20)
	at Chess.Player.<init>(Player.java:20)
	at Chess.Player.<init>(Player.java:20)
	at Chess.Player.<init>(Player.java:20)
	at Chess.Player.<init>(Player.java:20)
	at Chess.Player.<init>(Player.java:20)
	at Chess.Player.<init>(Player.java:20)
	at Chess.Player.<init>(Player.java:20)
	at Chess.Player.<init>(Player.java:20)
	at Chess.Player.<init>(Player.java:20)
	at Chess.Player.<init>(Player.java:20)
	at Chess.Player.<init>(Player.java:20)
	at Chess.Player.<init>(Player.java:20)
	at Chess.Player.<init>(Player.java:20)
	at Chess.Player.<init>(Player.java:20)
	at Chess.Player.<init>(Player.java:20)
	at Chess.Player.<init>(Player.java:20)
	at Chess.Player.<init>(Player.java:20)
	at Chess.Player.<init>(Player.java:20)
	at Chess.Player.<init>(Player.java:20)
	at Chess.Player.<init>(Player.java:20)
	at Chess.Player.<init>(Player.java:20)
	at Chess.Player.<init>(Player.java:20)
	at Chess.Player.<init>(Player.java:20)
	at Chess.Player.<init>(Player.java:20)
	at Chess.Player.<init>(Player.java:20)
	at Chess.Player.<init>(Player.java:20)
	at Chess.Player.<init>(Player.java:20)
	at Chess.Player.<init>(Player.java:20)
	at Chess.Player.<init>(Player.java:20)
	at Chess.Player.<init>(Player.java:20)
	at Chess.Player.<init>(Player.java:20)

